Picked up JAVA_TOOL_OPTIONS: -Djava.awt.headless=true
SLF4J: No SLF4J providers were found.
SLF4J: Defaulting to no-operation (NOP) logger implementation
SLF4J: See https://www.slf4j.org/codes.html#noProviders for further details.
SLF4J: Class path contains SLF4J bindings targeting slf4j-api versions 1.7.x or earlier.
SLF4J: Ignoring binding found at [jar:file:/home/runner/work/ISiK-EU-Compare/ISiK-EU-Compare/tmp/validator_cli.jar!/org/slf4j/impl/StaticLoggerBinder.class]
SLF4J: See https://www.slf4j.org/codes.html#ignoredBindings for an explanation.
FHIR Validation tool Version 6.4.0 (Git# 2f8ab91c55ac). Built 2025-05-12T11:32:12.116+02:00 (107 days old)
  Java:   21.0.8 from /usr/lib/jvm/temurin-21-jdk-amd64 on amd64 (64bit). 4000MB available
  Paths:  Current = /home/runner/work/ISiK-EU-Compare/ISiK-EU-Compare, Package Cache = /home/runner/.fhir/packages
  Params: -compare -dest Comparison/ISiK-MII-DocRef -version 4.0 -ig de.gematik.isik#5.0.0-rc -ig de.medizininformatikinitiative.kerndatensatz.dokument#2026.0.0-ballot -left https://gematik.de/fhir/isik/StructureDefinition/ISiKDokumentenMetadaten -right https://www.medizininformatik-initiative.de/fhir/ext/modul-dokument/StructureDefinition/mii-pr-dokument-dokument
  Locale: /
  Jurisdiction: None specified (locale = )
  Note that exceptions and validation failures may happen in the absense of a locale
Loading
  Load FHIR v4.0 from hl7.fhir.r4.core#4.0.1Installing hl7.fhir.r4.core#4.0.1 to the package cache
  Fetching:

Installing hl7.fhir.r4.core#4.0.1
 done.
Installing hl7.fhir.xver-extensions#0.1.0 to the package cache
  Fetching:

Installing hl7.fhir.xver-extensions#0.1.0
 done.
 - 4576 resources (00:17.599)
Installing hl7.terminology#6.5.0 to the package cache
  Fetching:

Installing hl7.terminology#6.5.0
 done.
Installing hl7.fhir.uv.extensions.r5#5.2.0 to the package cache
  Fetching:

Installing hl7.fhir.uv.extensions.r5#5.2.0
 done.
  Load hl7.fhir.uv.extensions.r5#5.2.0 - 758 resources (00:03.682)
  Load hl7.terminology#6.5.0 - 4356 resources (00:00.928)
Installing hl7.fhir.uv.extensions#5.3.0-ballot-tc1 to the package cache
  Fetching:

Installing hl7.fhir.uv.extensions#5.3.0-ballot-tc1
 done.
Installing hl7.terminology.r5#6.5.0 to the package cache
  Fetching:

Installing hl7.terminology.r5#6.5.0
 done.
  Load hl7.terminology.r5#6.5.0 - 4356 resources (00:02.016)
  Load hl7.fhir.uv.extensions#5.3.0-ballot-tc1 - 822 resources (00:00.816)
  Terminology server http://tx.fhir.org - Version Connected to Terminology Server at http://tx.fhir.org (00:00.848)
Installing hl7.fhir.uv.subscriptions-backport.r4#1.1.0 to the package cache
  Fetching:

Installing hl7.fhir.uv.subscriptions-backport.r4#1.1.0
 done.
Installing hl7.terminology.r4#5.0.0 to the package cache
  Fetching:

Installing hl7.terminology.r4#5.0.0
 done.
  Load hl7.terminology.r4#5.0.0 - 4174 resources (00:09.143)
  Load hl7.fhir.uv.subscriptions-backport.r4#1.1.0 - 23 resources (00:00.049)
Installing de.basisprofil.r4#1.5.3 to the package cache
  Fetching:

Installing de.basisprofil.r4#1.5.3
 done.
  Load de.basisprofil.r4#1.5.3 - 185 resources (00:01.022)
Installing ihe.iti.mhd#4.2.2 to the package cache
  Fetching:

Installing ihe.iti.mhd#4.2.2
 done.
Installing hl7.terminology.r4#5.5.0 to the package cache
  Fetching:

Installing hl7.terminology.r4#5.5.0
 done.
  Load hl7.terminology.r4#5.5.0 - 4224 resources (00:10.175)
Installing hl7.fhir.uv.extensions.r4#5.1.0 to the package cache
  Fetching:

Installing hl7.fhir.uv.extensions.r4#5.1.0
 done.
  Load hl7.fhir.uv.extensions.r4#5.1.0 - 1396 resources (00:02.824)
Installing ihe.iti.balp#1.1.x to the package cache
  Fetching:

Installing ihe.iti.balp#1.1.3
 done.
Installing hl7.terminology.r4#5.3.0 to the package cache
  Fetching:

Installing hl7.terminology.r4#5.3.0
 done.
  Load hl7.terminology.r4#5.3.0 - 4201 resources (00:12.161)
Installing hl7.fhir.uv.extensions.r4#1.0.0 to the package cache
  Fetching:

Installing hl7.fhir.uv.extensions.r4#1.0.0
 done.
  Load hl7.fhir.uv.extensions.r4#1.0.0 - 1328 resources (00:02.663)
  Load ihe.iti.balp#1.1.x - 37 resources (00:00.233)
Installing ihe.formatcode.fhir#1.2.x to the package cache
  Fetching:

Installing ihe.formatcode.fhir#1.2.0
 done.
  Load ihe.formatcode.fhir#1.2.x - 2 resources (00:00.269)
  Load ihe.iti.mhd#4.2.2 - 64 resources (00:00.276)
Installing de.ihe-d.terminology#3.0.1 to the package cache
  Fetching:

Installing de.ihe-d.terminology#3.0.1
 done.
  Load de.ihe-d.terminology#3.0.1 - 32 resources (00:00.188)
Installing dvmd.kdl.r4#2025.0.0 to the package cache
  Fetching:

Installing dvmd.kdl.r4#2025.0.0
 done.
  Load dvmd.kdl.r4#2025.0.0 - 4 resources (00:00.161)
  Load de.gematik.isik#5.0.0-rc - 238 resources (00:01.160)
Installing de.gematik.isik-dokumentenaustausch#4.0.1 to the package cache
  Fetching:

Installing de.gematik.isik-dokumentenaustausch#4.0.1
 done.
Installing de.gematik.isik-basismodul#4.0.x to the package cache
  Fetching:

Installing de.gematik.isik-basismodul#4.0.3
 done.
Installing de.basisprofil.r4#1.5.2 to the package cache
  Fetching:

Installing de.basisprofil.r4#1.5.2
 done.
  Load de.basisprofil.r4#1.5.2 - 185 resources (00:01.676)
  Load de.gematik.isik-basismodul#4.0.x - 64 resources (00:00.025)
Installing dvmd.kdl.r4.2022#2022.1.2 to the package cache
  Fetching:

Installing dvmd.kdl.r4.2022#2022.1.2
 done.
  Load dvmd.kdl.r4.2022#2022.1.2 - 4 resources (00:00.143)
  Load de.gematik.isik-dokumentenaustausch#4.0.1 - 5 resources (00:00.004)
Installing de.medizininformatikinitiative.kerndatensatz.fall#2025.0.0 to the package cache
  Fetching:

Installing de.medizininformatikinitiative.kerndatensatz.fall#2025.0.0
 done.
  Load de.basisprofil.r4#1.5.x - 0 resources (00:00.159)
Installing de.medizininformatikinitiative.kerndatensatz.meta#2025.0.x to the package cache
  Fetching:

Installing de.medizininformatikinitiative.kerndatensatz.meta#2025.0.0-alpha4
 done.
  Load de.medizininformatikinitiative.kerndatensatz.meta#2025.0.x - 108 resources (00:00.421)
  Load de.medizininformatikinitiative.kerndatensatz.fall#2025.0.0 - 10 resources (00:00.021)
Installing de.medizininformatikinitiative.kerndatensatz.meta#2025.0.0 to the package cache
  Fetching:

Installing de.medizininformatikinitiative.kerndatensatz.meta#2025.0.0
 done.
  Load de.medizininformatikinitiative.kerndatensatz.meta#2025.0.0 - 110 resources (00:00.284)
Installing de.medizininformatikinitiative.kerndatensatz.person#2025.0.0 to the package cache
  Fetching:

Installing de.medizininformatikinitiative.kerndatensatz.person#2025.0.0
 done.
  Load de.basisprofil.r4#1.5.x - 0 resources (00:00.179)
  Load de.medizininformatikinitiative.kerndatensatz.meta#2025.0.x - 0 resources (00:00.001)
  Load de.medizininformatikinitiative.kerndatensatz.person#2025.0.0 - 9 resources (00:00.039)
Installing dvmd.kdl.r4#2025.0.1 to the package cache
  Fetching:

Installing dvmd.kdl.r4#2025.0.1
 done.
  Load dvmd.kdl.r4#2025.0.1 - 4 resources (00:00.173)
Installing kbv.basis#1.7.0 to the package cache
  Fetching:

Installing kbv.basis#1.7.0
 done.
  Load kbv.basis#1.7.0 - 156 resources (00:00.558)
Installing ihe.formatcode.fhir#1.4.0 to the package cache
  Fetching:

Installing ihe.formatcode.fhir#1.4.0
 done.
Installing hl7.terminology.r4#6.3.0 to the package cache
  Fetching:

Installing hl7.terminology.r4#6.3.0
 done.
Installing hl7.fhir.uv.extensions.r4#5.2.0 to the package cache
  Fetching:

Installing hl7.fhir.uv.extensions.r4#5.2.0
 done.
  Load hl7.fhir.uv.extensions.r4#5.2.0 - 758 resources (00:02.687)
  Load hl7.terminology.r4#6.3.0 - 4338 resources (00:24.272)
  Load ihe.formatcode.fhir#1.4.0 - 2 resources (00:00.000)
  Load de.medizininformatikinitiative.kerndatensatz.dokument#2026.0.0-ballot - 11 resources (00:00.014)
  Package Summary: [hl7.fhir.r4.core#4.0.1, hl7.fhir.xver-extensions#0.1.0, hl7.fhir.uv.extensions.r5#5.2.0, hl7.terminology#6.5.0, hl7.terminology.r5#6.5.0, hl7.fhir.uv.extensions#5.3.0-ballot-tc1, hl7.terminology.r4#5.0.0, hl7.fhir.uv.subscriptions-backport.r4#1.1.0, de.basisprofil.r4#1.5.3, hl7.terminology.r4#5.5.0, hl7.fhir.uv.extensions.r4#5.1.0, hl7.terminology.r4#5.3.0, hl7.fhir.uv.extensions.r4#1.0.0, ihe.iti.balp#1.1.3, ihe.formatcode.fhir#1.2.0, ihe.iti.mhd#4.2.2, de.ihe-d.terminology#3.0.1, dvmd.kdl.r4#2025.0.0, de.gematik.isik#5.0.0-rc, de.basisprofil.r4#1.5.2, de.gematik.isik-basismodul#4.0.3, dvmd.kdl.r4.2022#2022.1.2, de.gematik.isik-dokumentenaustausch#4.0.1, de.medizininformatikinitiative.kerndatensatz.meta#2025.0.0-alpha4, de.medizininformatikinitiative.kerndatensatz.fall#2025.0.0, de.medizininformatikinitiative.kerndatensatz.meta#2025.0.0, de.medizininformatikinitiative.kerndatensatz.person#2025.0.0, dvmd.kdl.r4#2025.0.1, kbv.basis#1.7.0, hl7.fhir.uv.extensions.r4#5.2.0, hl7.terminology.r4#6.3.0, ihe.formatcode.fhir#1.4.0, de.medizininformatikinitiative.kerndatensatz.dokument#2026.0.0-ballot]
  Terminology Cache at /tmp/default-tx-cache
  Get set...  go (00:07.756)
Cached new session. Cache size = 1
  Paths:  Current = /home/runner/work/ISiK-EU-Compare/ISiK-EU-Compare, Package Cache = /home/runner/.fhir/packages
  Params: -compare -dest Comparison/ISiK-MII-DocRef -version 4.0 -ig de.gematik.isik#5.0.0-rc -ig de.medizininformatikinitiative.kerndatensatz.dokument#2026.0.0-ballot -left https://gematik.de/fhir/isik/StructureDefinition/ISiKDokumentenMetadaten -right https://www.medizininformatik-initiative.de/fhir/ext/modul-dokument/StructureDefinition/mii-pr-dokument-dokument
Valid destination directory provided: "Comparison/ISiK-MII-DocRef")
  Load FHIR v4.0 from hl7.fhir.r4.core#4.0.1 - 4576 resources (00:01.519)
  Load hl7.fhir.uv.extensions.r5#5.2.0 - 758 resources (00:01.237)
  Load hl7.terminology#6.5.0 - 4356 resources (00:00.565)
  Load hl7.terminology.r5#6.5.0 - 4356 resources (00:00.468)
  Load hl7.fhir.uv.extensions#5.3.0-ballot-tc1 - 822 resources (00:00.846)
  Terminology server http://tx.fhir.org - Version Connected to Terminology Server at http://tx.fhir.org (00:00.411)
  Load hl7.terminology.r4#5.0.0 - 4174 resources (00:01.627)
  Load hl7.fhir.uv.subscriptions-backport.r4#1.1.0 - 23 resources (00:00.033)
  Load de.basisprofil.r4#1.5.3 - 185 resources (00:00.097)
  Load hl7.terminology.r4#5.5.0 - 4224 resources (00:06.809)
  Load hl7.fhir.uv.extensions.r4#5.1.0 - 1396 resources (00:00.763)
  Load hl7.terminology.r4#5.3.0 - 4201 resources (00:10.096)
  Load hl7.fhir.uv.extensions.r4#1.0.0 - 1328 resources (00:00.614)
  Load ihe.iti.balp#1.1.x - 37 resources (00:00.231)
  Load ihe.formatcode.fhir#1.2.x - 2 resources (00:00.001)
  Load ihe.iti.mhd#4.2.2 - 64 resources (00:00.272)
  Load de.ihe-d.terminology#3.0.1 - 32 resources (00:00.009)
  Load dvmd.kdl.r4#2025.0.0 - 4 resources (00:00.000)
  Load de.gematik.isik#5.0.0-rc - 238 resources (00:00.808)
  Load de.basisprofil.r4#1.5.2 - 185 resources (00:00.372)
  Load de.gematik.isik-basismodul#4.0.x - 64 resources (00:00.019)
  Load dvmd.kdl.r4.2022#2022.1.2 - 4 resources (00:00.001)
  Load de.gematik.isik-dokumentenaustausch#4.0.1 - 5 resources (00:00.001)
  Load de.basisprofil.r4#1.5.x - 0 resources (00:00.002)
  Load de.medizininformatikinitiative.kerndatensatz.meta#2025.0.x - 110 resources (00:00.004)
  Load de.medizininformatikinitiative.kerndatensatz.fall#2025.0.0 - 10 resources (00:00.014)
  Load de.basisprofil.r4#1.5.x - 0 resources (00:00.002)
  Load de.medizininformatikinitiative.kerndatensatz.meta#2025.0.x - 0 resources (00:00.001)
  Load de.medizininformatikinitiative.kerndatensatz.person#2025.0.0 - 9 resources (00:00.036)
  Load dvmd.kdl.r4#2025.0.1 - 4 resources (00:00.000)
  Load kbv.basis#1.7.0 - 156 resources (00:00.128)
  Load hl7.fhir.uv.extensions.r4#5.2.0 - 758 resources (00:00.887)
  Load hl7.terminology.r4#6.3.0 - 4338 resources (00:16.023)
  Load ihe.formatcode.fhir#1.4.0 - 2 resources (00:00.001)
  Load de.medizininformatikinitiative.kerndatensatz.dokument#2026.0.0-ballot - 11 resources (00:00.013)
  Package Summary: [hl7.fhir.r4.core#4.0.1, hl7.fhir.xver-extensions#0.1.0, hl7.fhir.uv.extensions.r5#5.2.0, hl7.terminology#6.5.0, hl7.terminology.r5#6.5.0, hl7.fhir.uv.extensions#5.3.0-ballot-tc1, hl7.terminology.r4#5.0.0, hl7.fhir.uv.subscriptions-backport.r4#1.1.0, de.basisprofil.r4#1.5.3, hl7.terminology.r4#5.5.0, hl7.fhir.uv.extensions.r4#5.1.0, hl7.terminology.r4#5.3.0, hl7.fhir.uv.extensions.r4#1.0.0, ihe.iti.balp#1.1.3, ihe.formatcode.fhir#1.2.0, ihe.iti.mhd#4.2.2, de.ihe-d.terminology#3.0.1, dvmd.kdl.r4#2025.0.0, de.gematik.isik#5.0.0-rc, de.basisprofil.r4#1.5.2, de.gematik.isik-basismodul#4.0.3, dvmd.kdl.r4.2022#2022.1.2, de.gematik.isik-dokumentenaustausch#4.0.1, de.medizininformatikinitiative.kerndatensatz.meta#2025.0.0, de.medizininformatikinitiative.kerndatensatz.fall#2025.0.0, de.medizininformatikinitiative.kerndatensatz.person#2025.0.0, dvmd.kdl.r4#2025.0.1, kbv.basis#1.7.0, hl7.fhir.uv.extensions.r4#5.2.0, hl7.terminology.r4#6.3.0, ihe.formatcode.fhir#1.4.0, de.medizininformatikinitiative.kerndatensatz.dokument#2026.0.0-ballot]
  Terminology Cache at /tmp/default-tx-cache
  Get set...  go (00:05.153)
Cached new session. Cache size = 2
Installing hl7.fhir.pubpack#0.2.3 to the package cache
  Fetching:

Installing hl7.fhir.pubpack#0.2.3
 done.
  Load hl7.fhir.pubpack#0.2.3 - 0 resources (00:01.840)
Comparing StructureDefinitions https://gematik.de/fhir/isik/StructureDefinition/ISiKDokumentenMetadaten to https://www.medizininformatik-initiative.de/fhir/ext/modul-dokument/StructureDefinition/mii-pr-dokument-dokument
Generating output to Comparison/ISiK-MII-DocRef...
Exception rendering https://gematik.de/fhir/isik/StructureDefinition/ISiKDokumentenMetadaten|5.0.0-rc||https://www.medizininformatik-initiative.de/fhir/ext/modul-dokument/StructureDefinition/mii-pr-dokument-dokument|2026.0.0-ballot: Cannot invoke "String.length()" because "this.source" is null
java.lang.NullPointerException: Cannot invoke "String.length()" because "this.source" is null
	at org.hl7.fhir.r5.utils.LiquidEngine$LiquidParser.parseList(LiquidEngine.java:548)
	at org.hl7.fhir.r5.utils.LiquidEngine$LiquidParser.parse(LiquidEngine.java:517)
	at org.hl7.fhir.r5.utils.LiquidEngine.parse(LiquidEngine.java:123)
	at org.hl7.fhir.r5.comparison.ComparisonRenderer.processTemplate(ComparisonRenderer.java:272)
	at org.hl7.fhir.r5.comparison.ComparisonRenderer.renderProfile(ComparisonRenderer.java:240)
	at org.hl7.fhir.r5.comparison.ComparisonRenderer.renderComparison(ComparisonRenderer.java:148)
	at org.hl7.fhir.r5.comparison.ComparisonRenderer.processList(ComparisonRenderer.java:115)
	at org.hl7.fhir.r5.comparison.ComparisonRenderer.render(ComparisonRenderer.java:91)
	at org.hl7.fhir.validation.cli.services.ComparisonService.compareStructureDefinitions(ComparisonService.java:76)
	at org.hl7.fhir.validation.cli.services.ComparisonService.doLeftRightComparison(ComparisonService.java:39)
	at org.hl7.fhir.validation.cli.tasks.CompareTask.executeTask(CompareTask.java:57)
	at org.hl7.fhir.validation.ValidatorCli.readParamsAndExecuteTask(ValidatorCli.java:375)
	at org.hl7.fhir.validation.ValidatorCli.readParamsAndExecuteTask(ValidatorCli.java:172)
	at org.hl7.fhir.validation.ValidatorCli.main(ValidatorCli.java:207)
Headless environment detected; skipping browser launch.
Done: file:/home/runner/work/ISiK-EU-Compare/ISiK-EU-Compare/Comparison/ISiK-MII-DocRef/index.html
Done. Times: Loading: 01:45.184. Max Memory = 3Gb
