Picked up JAVA_TOOL_OPTIONS: -Djava.awt.headless=true
SLF4J: No SLF4J providers were found.
SLF4J: Defaulting to no-operation (NOP) logger implementation
SLF4J: See https://www.slf4j.org/codes.html#noProviders for further details.
SLF4J: Class path contains SLF4J bindings targeting slf4j-api versions 1.7.x or earlier.
SLF4J: Ignoring binding found at [jar:file:/home/runner/work/ISiK-EU-Compare/ISiK-EU-Compare/tmp/validator_cli.jar!/org/slf4j/impl/StaticLoggerBinder.class]
SLF4J: See https://www.slf4j.org/codes.html#ignoredBindings for an explanation.
FHIR Validation tool Version 6.4.0 (Git# 2f8ab91c55ac). Built 2025-05-12T11:32:12.116+02:00 (167 days old)
  Java:   21.0.8 from /usr/lib/jvm/temurin-21-jdk-amd64 on amd64 (64bit). 4000MB available
  Paths:  Current = /home/runner/work/ISiK-EU-Compare/ISiK-EU-Compare, Package Cache = /home/runner/.fhir/packages
  Params: -compare -dest Comparison/HDR-Patient -version 4.0 -ig de.gematik.isik#5.0.0 -ig hl7.fhir.eu.hdr#0.1.0-ballot -left https://gematik.de/fhir/isik/StructureDefinition/ISiKPatient -right http://hl7.eu/fhir/hdr/StructureDefinition/patient-eu-hdr
  Locale: /
  Jurisdiction: None specified (locale = )
  Note that exceptions and validation failures may happen in the absense of a locale
Loading
  Load FHIR v4.0 from hl7.fhir.r4.core#4.0.1Installing hl7.fhir.r4.core#4.0.1 to the package cache
  Fetching:

Installing hl7.fhir.r4.core#4.0.1
 done.
Installing hl7.fhir.xver-extensions#0.1.0 to the package cache
  Fetching:

Installing hl7.fhir.xver-extensions#0.1.0
 done.
 - 4576 resources (00:18.954)
Installing hl7.terminology#6.5.0 to the package cache
  Fetching:

Installing hl7.terminology#6.5.0
 done.
Installing hl7.fhir.uv.extensions.r5#5.2.0 to the package cache
  Fetching:

Installing hl7.fhir.uv.extensions.r5#5.2.0
 done.
  Load hl7.fhir.uv.extensions.r5#5.2.0 - 758 resources (00:03.070)
  Load hl7.terminology#6.5.0 - 4356 resources (00:00.796)
Installing hl7.fhir.uv.extensions#5.3.0-ballot-tc1 to the package cache
  Fetching:

Installing hl7.fhir.uv.extensions#5.3.0-ballot-tc1
 done.
Installing hl7.terminology.r5#6.5.0 to the package cache
  Fetching:

Installing hl7.terminology.r5#6.5.0
 done.
  Load hl7.terminology.r5#6.5.0 - 4356 resources (00:01.491)
  Load hl7.fhir.uv.extensions#5.3.0-ballot-tc1 - 822 resources (00:00.972)
  Terminology server http://tx.fhir.org - Version Connected to Terminology Server at http://tx.fhir.org (00:00.499)
Installing hl7.fhir.uv.subscriptions-backport.r4#1.1.0 to the package cache
  Fetching:

Installing hl7.fhir.uv.subscriptions-backport.r4#1.1.0
 done.
Installing hl7.terminology.r4#5.0.0 to the package cache
  Fetching:

Installing hl7.terminology.r4#5.0.0
 done.
  Load hl7.terminology.r4#5.0.0 - 4174 resources (00:08.612)
  Load hl7.fhir.uv.subscriptions-backport.r4#1.1.0 - 23 resources (00:00.041)
Installing de.basisprofil.r4#1.5.4 to the package cache
  Fetching:

Installing de.basisprofil.r4#1.5.4
 done.
  Load de.basisprofil.r4#1.5.4 - 186 resources (00:01.394)
Installing de.ihe-d.terminology#3.0.1 to the package cache
  Fetching:

Installing de.ihe-d.terminology#3.0.1
 done.
  Load de.ihe-d.terminology#3.0.1 - 32 resources (00:00.175)
Installing dvmd.kdl.r4#2025.0.1 to the package cache
  Fetching:

Installing dvmd.kdl.r4#2025.0.1
 done.
  Load dvmd.kdl.r4#2025.0.1 - 4 resources (00:00.131)
Installing hl7.fhir.uv.sdc#3.0.0 to the package cache
  Fetching:

Installing hl7.fhir.uv.sdc#3.0.0
 done.
Installing hl7.fhir.r4.examples#4.0.1 to the package cache
  Fetching:

Installing hl7.fhir.r4.examples#4.0.1
 done.
  Load hl7.fhir.r4.examples#4.0.1 - 4582 resources (00:14.736)
  Load hl7.fhir.uv.sdc#3.0.0 - 137 resources (00:00.248)
Installing de.gematik.terminology#1.0.6 to the package cache
  Fetching:

Installing de.gematik.terminology#1.0.6
 done.
Installing hl7.terminology.r4#6.3.0 to the package cache
  Fetching:

Installing hl7.terminology.r4#6.3.0
 done.
Installing hl7.fhir.uv.extensions.r4#5.2.0 to the package cache
  Fetching:

Installing hl7.fhir.uv.extensions.r4#5.2.0
 done.
  Load hl7.fhir.uv.extensions.r4#5.2.0 - 758 resources (00:03.675)
  Load hl7.terminology.r4#6.3.0 - 4338 resources (00:00.922)
Installing dvmd.kdl.r4#2025.0.0 to the package cache
  Fetching:

Installing dvmd.kdl.r4#2025.0.0
 done.
  Load dvmd.kdl.r4#2025.0.0 - 4 resources (00:00.130)
  Load de.gematik.terminology#1.0.6 - 50 resources (00:00.005)
  Load de.gematik.isik#5.0.0 - 238 resources (00:01.165)
Installing hl7.fhir.eu.hdr#0.1.0-ballot to the package cache
  Fetching:

Installing hl7.fhir.eu.hdr#0.1.0-ballot
 done.
Installing hl7.terminology.r4#6.4.0 to the package cache
  Fetching:

Installing hl7.terminology.r4#6.4.0
 done.
  Load hl7.terminology.r4#6.4.0 - 4345 resources (00:02.942)
Installing hl7.fhir.uv.ips#1.1.0 to the package cache
  Fetching:

Installing hl7.fhir.uv.ips#1.1.0
 done.
Installing fhir.dicom#2022.4.20221006 to the package cache
  Fetching:

Installing fhir.dicom#2022.4.20221006
 done.
  Load fhir.dicom#2022.4.20221006 - 1319 resources (00:03.003)
  Load hl7.fhir.uv.ips#1.1.0 - 103 resources (00:00.207)
Installing hl7.terminology.r4#6.2.0 to the package cache
  Fetching:

Installing hl7.terminology.r4#6.2.0
 done.
  Load hl7.terminology.r4#6.2.0 - 4287 resources (00:03.053)
  Load hl7.fhir.eu.extensions.r4#0.1.1-ballot - 6 resources (00:00.002)
Installing hl7.fhir.eu.laboratory#0.1.1 to the package cache
  Fetching:

Installing hl7.fhir.eu.laboratory#0.1.1
 done.
Installing hl7.fhir.eu.extensions#0.1.x to the package cache
  Fetching:

Installing hl7.fhir.eu.extensions#0.1.1-ballot
 done.
Installing hl7.terminology.r5#6.2.0 to the package cache
  Fetching:

Installing hl7.terminology.r5#6.2.0
 done.
  Load hl7.terminology.r5#6.2.0 - 4287 resources (00:01.977)
  Load hl7.fhir.eu.extensions#0.1.x - 6 resources (00:00.008)
  Load hl7.fhir.eu.laboratory#0.1.1 - 62 resources (00:00.133)
  Load hl7.fhir.eu.base#0.1.0-ballot - 22 resources (00:00.063)
Installing ihe.pharm.mpd.r4#1.0.0-comment-2 to the package cache
  Fetching:

Installing ihe.pharm.mpd.r4#1.0.0-comment-2
 done.
  Load ihe.pharm.mpd.r4#1.0.0-comment-2 - 39 resources (00:00.212)
  Load hl7.fhir.eu.hdr#0.1.0-ballot - 94 resources (00:00.413)
  Package Summary: [hl7.fhir.r4.core#4.0.1, hl7.fhir.xver-extensions#0.1.0, hl7.fhir.uv.extensions.r5#5.2.0, hl7.terminology#6.5.0, hl7.terminology.r5#6.5.0, hl7.fhir.uv.extensions#5.3.0-ballot-tc1, hl7.terminology.r4#5.0.0, hl7.fhir.uv.subscriptions-backport.r4#1.1.0, de.basisprofil.r4#1.5.4, de.ihe-d.terminology#3.0.1, dvmd.kdl.r4#2025.0.1, hl7.fhir.r4.examples#4.0.1, hl7.fhir.uv.sdc#3.0.0, hl7.fhir.uv.extensions.r4#5.2.0, hl7.terminology.r4#6.3.0, dvmd.kdl.r4#2025.0.0, de.gematik.terminology#1.0.6, de.gematik.isik#5.0.0, hl7.terminology.r4#6.4.0, fhir.dicom#2022.4.20221006, hl7.fhir.uv.ips#1.1.0, hl7.terminology.r4#6.2.0, hl7.fhir.eu.extensions.r4#0.1.1-ballot, hl7.terminology.r5#6.2.0, hl7.fhir.eu.extensions#0.1.1-ballot, hl7.fhir.eu.laboratory#0.1.1, hl7.fhir.eu.base#0.1.0-ballot, ihe.pharm.mpd.r4#1.0.0-comment-2, hl7.fhir.eu.hdr#0.1.0-ballot]
  Terminology Cache at /tmp/default-tx-cache
  Get set...  go (00:00.298)
Cached new session. Cache size = 1
  Paths:  Current = /home/runner/work/ISiK-EU-Compare/ISiK-EU-Compare, Package Cache = /home/runner/.fhir/packages
  Params: -compare -dest Comparison/HDR-Patient -version 4.0 -ig de.gematik.isik#5.0.0 -ig hl7.fhir.eu.hdr#0.1.0-ballot -left https://gematik.de/fhir/isik/StructureDefinition/ISiKPatient -right http://hl7.eu/fhir/hdr/StructureDefinition/patient-eu-hdr
Valid destination directory provided: "Comparison/HDR-Patient")
  Load FHIR v4.0 from hl7.fhir.r4.core#4.0.1 - 4576 resources (00:01.156)
  Load hl7.fhir.uv.extensions.r5#5.2.0 - 758 resources (00:00.997)
  Load hl7.terminology#6.5.0 - 4356 resources (00:00.493)
  Load hl7.terminology.r5#6.5.0 - 4356 resources (00:00.424)
  Load hl7.fhir.uv.extensions#5.3.0-ballot-tc1 - 822 resources (00:00.930)
  Terminology server http://tx.fhir.org - Version Connected to Terminology Server at http://tx.fhir.org (00:00.107)
  Load hl7.terminology.r4#5.0.0 - 4174 resources (00:00.864)
  Load hl7.fhir.uv.subscriptions-backport.r4#1.1.0 - 23 resources (00:00.029)
  Load de.basisprofil.r4#1.5.4 - 186 resources (00:00.123)
  Load de.ihe-d.terminology#3.0.1 - 32 resources (00:00.008)
  Load dvmd.kdl.r4#2025.0.1 - 4 resources (00:00.000)
  Load hl7.fhir.r4.examples#4.0.1 - 4582 resources (00:01.790)
  Load hl7.fhir.uv.sdc#3.0.0 - 137 resources (00:00.158)
  Load hl7.fhir.uv.extensions.r4#5.2.0 - 758 resources (00:00.918)
  Load hl7.terminology.r4#6.3.0 - 4338 resources (00:00.929)
  Load dvmd.kdl.r4#2025.0.0 - 4 resources (00:00.001)
  Load de.gematik.terminology#1.0.6 - 50 resources (00:00.006)
  Load de.gematik.isik#5.0.0 - 238 resources (00:00.893)
  Load hl7.terminology.r4#6.4.0 - 4345 resources (00:01.945)
  Load fhir.dicom#2022.4.20221006 - 1319 resources (00:00.023)
  Load hl7.fhir.uv.ips#1.1.0 - 103 resources (00:00.188)
  Load hl7.terminology.r4#6.2.0 - 4287 resources (00:02.397)
  Load hl7.fhir.eu.extensions.r4#0.1.1-ballot - 6 resources (00:00.002)
  Load hl7.terminology.r5#6.2.0 - 4287 resources (00:00.844)
  Load hl7.fhir.eu.extensions#0.1.x - 6 resources (00:00.006)
  Load hl7.fhir.eu.laboratory#0.1.1 - 62 resources (00:00.111)
  Load hl7.fhir.eu.base#0.1.0-ballot - 22 resources (00:00.038)
  Load ihe.pharm.mpd.r4#1.0.0-comment-2 - 39 resources (00:00.013)
  Load hl7.fhir.eu.hdr#0.1.0-ballot - 94 resources (00:00.400)
  Package Summary: [hl7.fhir.r4.core#4.0.1, hl7.fhir.xver-extensions#0.1.0, hl7.fhir.uv.extensions.r5#5.2.0, hl7.terminology#6.5.0, hl7.terminology.r5#6.5.0, hl7.fhir.uv.extensions#5.3.0-ballot-tc1, hl7.terminology.r4#5.0.0, hl7.fhir.uv.subscriptions-backport.r4#1.1.0, de.basisprofil.r4#1.5.4, de.ihe-d.terminology#3.0.1, dvmd.kdl.r4#2025.0.1, hl7.fhir.r4.examples#4.0.1, hl7.fhir.uv.sdc#3.0.0, hl7.fhir.uv.extensions.r4#5.2.0, hl7.terminology.r4#6.3.0, dvmd.kdl.r4#2025.0.0, de.gematik.terminology#1.0.6, de.gematik.isik#5.0.0, hl7.terminology.r4#6.4.0, fhir.dicom#2022.4.20221006, hl7.fhir.uv.ips#1.1.0, hl7.terminology.r4#6.2.0, hl7.fhir.eu.extensions.r4#0.1.1-ballot, hl7.terminology.r5#6.2.0, hl7.fhir.eu.extensions#0.1.1-ballot, hl7.fhir.eu.laboratory#0.1.1, hl7.fhir.eu.base#0.1.0-ballot, ihe.pharm.mpd.r4#1.0.0-comment-2, hl7.fhir.eu.hdr#0.1.0-ballot]
  Terminology Cache at /tmp/default-tx-cache
  Get set...  go (00:00.162)
Cached new session. Cache size = 2
Installing hl7.fhir.pubpack#0.2.3 to the package cache
  Fetching:

Installing hl7.fhir.pubpack#0.2.3
 done.
  Load hl7.fhir.pubpack#0.2.3 - 0 resources (00:01.437)
Unable to locate right resource http://hl7.eu/fhir/hdr/StructureDefinition/patient-eu-hdr
Done. Times: Loading: 01:10.048. Max Memory = 3Gb
