Status: success
Left IG: de.gematik.isik@5.1.0
Right IG: hl7.fhir.eu.eps@0.0.1-ci
----- validator output -----
[39mFHIR Validation tool Version 6.7.6 (Git# d7148cb9f6ad). Built 2025-10-30T09:57:37.289Z (4 days old)
[0;39m[39m  Java:   21.0.9 from /usr/lib/jvm/temurin-21-jdk-amd64 on amd64 (64bit). 4000MB available
[0;39m[39m  Paths:  Current = /home/runner/work/ISiK-EU-Compare/ISiK-EU-Compare, Package Cache = /home/runner/.fhir/packages
[0;39m[39m  Params: -compare -dest /home/runner/work/ISiK-EU-Compare/ISiK-EU-Compare/Comparison/EPS-procedure-eu-eps__ISiK-ISiKProzedur -version 4.0 -ig de.gematik.isik#5.1.0 -ig hl7.fhir.eu.eps#0.0.1-ci -left https://gematik.de/fhir/isik/StructureDefinition/ISiKProzedur -right http://hl7.eu/fhir/eps/StructureDefinition/procedure-eu-eps
[0;39m[39m  Locale: /
[0;39m[39m  Jurisdiction: None specified (locale = )
[0;39m[39m  Note that exceptions and validation failures may happen in the absence of a locale
[0;39m[39mLoading
[0;39m[39m  Loading FHIR v4.0 from hl7.fhir.r4.core#4.0.1
[0;39m[39mInstalling hl7.fhir.r4.core#4.0.1 to the package cache
[0;39m[39m  Fetching:
[0;39m[39m
[0;39m[39mInstalling hl7.fhir.r4.core#4.0.1
[0;39m[39m done.
[0;39m[39mInstalling hl7.fhir.xver-extensions#0.1.0 to the package cache
[0;39m[39m  Fetching:
[0;39m[39m
[0;39m[39mInstalling hl7.fhir.xver-extensions#0.1.0
[0;39m[39m done.
[0;39m[39mInstalling hl7.terminology.r4#6.2.0 to the package cache
[0;39m[39m  Fetching:
[0;39m[39m
[0;39m[39mInstalling hl7.terminology.r4#6.2.0
[0;39m[39m done.
[0;39m[39m  Load hl7.terminology.r4#6.2.0 - 4288 resources (00:14.048)
[0;39m[39mInstalling hl7.fhir.uv.extensions.r4#5.2.0 to the package cache
[0;39m[39m  Fetching:
[0;39m[39m
[0;39m[39mInstalling hl7.fhir.uv.extensions.r4#5.2.0
[0;39m[39m done.
[0;39m[39m  Load hl7.fhir.uv.extensions.r4#5.2.0 - 759 resources (00:02.316)
[0;39m[39m  Loaded FHIR - 8265 resources (00:00.000)
[0;39m[39m  Terminology server http://tx.fhir.org - Version Connected to Terminology Server at http://tx.fhir.org (00:00.753)
[0;39m[39mInstalling hl7.terminology#6.5.0 to the package cache
[0;39m[39m  Fetching:
[0;39m[39m
[0;39m[39mInstalling hl7.terminology#6.5.0
[0;39m[39m done.
[0;39m[39mInstalling hl7.fhir.uv.extensions.r5#5.2.0 to the package cache
[0;39m[39m  Fetching:
[0;39m[39m
[0;39m[39mInstalling hl7.fhir.uv.extensions.r5#5.2.0
[0;39m[39m done.
[0;39m[39m  Load hl7.fhir.uv.extensions.r5#5.2.0 - 759 resources (00:01.625)
[0;39m[39m  Load hl7.terminology#6.5.0 - 4357 resources (00:00.699)
[0;39m[39mInstalling hl7.fhir.uv.extensions#5.3.0-ballot-tc1 to the package cache
[0;39m[39m  Fetching:
[0;39m[39m
[0;39m[39mInstalling hl7.fhir.uv.extensions#5.3.0-ballot-tc1
[0;39m[39m done.
[0;39m[39mInstalling hl7.terminology.r5#6.5.0 to the package cache
[0;39m[39m  Fetching:
[0;39m[39m
[0;39m[39mInstalling hl7.terminology.r5#6.5.0
[0;39m[39m done.
[0;39m[39m  Load hl7.terminology.r5#6.5.0 - 4357 resources (00:02.112)
[0;39m[39m  Load hl7.fhir.uv.extensions#5.3.0-ballot-tc1 - 823 resources (00:00.024)
[0;39m[39mInstalling hl7.fhir.uv.subscriptions-backport.r4#1.1.0 to the package cache
[0;39m[39m  Fetching:
[0;39m[39m
[0;39m[39mInstalling hl7.fhir.uv.subscriptions-backport.r4#1.1.0
[0;39m[39m done.
[0;39m[39mInstalling hl7.terminology.r4#5.0.0 to the package cache
[0;39m[39m  Fetching:
[0;39m[39m
[0;39m[39mInstalling hl7.terminology.r4#5.0.0
[0;39m[39m done.
[0;39m[39m  Load hl7.terminology.r4#5.0.0 - 4175 resources (00:02.938)
[0;39m[39m  Load hl7.fhir.uv.subscriptions-backport.r4#1.1.0 - 24 resources (00:00.001)
[0;39m[39mInstalling de.basisprofil.r4#1.5.4 to the package cache
[0;39m[39m  Fetching:
[0;39m[39m
[0;39m[39mInstalling de.basisprofil.r4#1.5.4
[0;39m[39m done.
[0;39m[39m  Load de.basisprofil.r4#1.5.4 - 187 resources (00:00.380)
[0;39m[39mInstalling de.ihe-d.terminology#3.0.1 to the package cache
[0;39m[39m  Fetching:
[0;39m[39m
[0;39m[39mInstalling de.ihe-d.terminology#3.0.1
[0;39m[39m done.
[0;39m[39m  Load de.ihe-d.terminology#3.0.1 - 32 resources (00:00.245)
[0;39m[39mInstalling dvmd.kdl.r4#2025.0.1 to the package cache
[0;39m[39m  Fetching:
[0;39m[39m
[0;39m[39mInstalling dvmd.kdl.r4#2025.0.1
[0;39m[39m done.
[0;39m[39m  Load dvmd.kdl.r4#2025.0.1 - 5 resources (00:00.182)
[0;39m[39mInstalling hl7.fhir.uv.sdc#3.0.0 to the package cache
[0;39m[39m  Fetching:
[0;39m[39m
[0;39m[39mInstalling hl7.fhir.uv.sdc#3.0.0
[0;39m[39m done.
[0;39m[39mInstalling hl7.fhir.r4.examples#4.0.1 to the package cache
[0;39m[39m  Fetching:
[0;39m[39m
[0;39m[39mInstalling hl7.fhir.r4.examples#4.0.1
[0;39m[39m done.
[0;39m[39m  Load hl7.fhir.r4.examples#4.0.1 - 4581 resources (00:04.966)
[0;39m[39m  Load hl7.fhir.uv.sdc#3.0.0 - 138 resources (00:00.007)
[0;39m[39mInstalling de.gematik.terminology#1.0.6 to the package cache
[0;39m[39m  Fetching:
[0;39m[39m
[0;39m[39mInstalling de.gematik.terminology#1.0.6
[0;39m[39m done.
[0;39m[39mInstalling hl7.terminology.r4#6.3.0 to the package cache
[0;39m[39m  Fetching:
[0;39m[39m
[0;39m[39mInstalling hl7.terminology.r4#6.3.0
[0;39m[39m done.
[0;39m[39m  Load hl7.terminology.r4#6.3.0 - 4339 resources (00:03.091)
[0;39m[39mInstalling dvmd.kdl.r4#2025.0.0 to the package cache
[0;39m[39m  Fetching:
[0;39m[39m
[0;39m[39mInstalling dvmd.kdl.r4#2025.0.0
[0;39m[39m done.
[0;39m[39m  Load dvmd.kdl.r4#2025.0.0 - 5 resources (00:00.269)
[0;39m[39m  Load de.gematik.terminology#1.0.6 - 51 resources (00:00.008)
[0;39m[39mInstalling de.fhir.medication#1.0.0 to the package cache
[0;39m[39m  Fetching:
[0;39m[39m
[0;39m[39mInstalling de.fhir.medication#1.0.0
[0;39m[39m done.
[0;39m[39mInstalling hl7.terminology.r4#6.5.0 to the package cache
[0;39m[39m  Fetching:
[0;39m[39m
[0;39m[39mInstalling hl7.terminology.r4#6.5.0
[0;39m[39m done.
[0;39m[39m  Load hl7.terminology.r4#6.5.0 - 4357 resources (00:03.336)
[0;39m[39m  Load de.fhir.medication#1.0.0 - 15 resources (00:00.001)
[0;39m[39mInstalling de.gematik.ti#1.1.1 to the package cache
[0;39m[39m  Fetching:
[0;39m[39m
[0;39m[39mInstalling de.gematik.ti#1.1.1
[0;39m[39m done.
[0;39m[39mInstalling de.gematik.terminology#1.0.7 to the package cache
[0;39m[39m  Fetching:
[0;39m[39m
[0;39m[39mInstalling de.gematik.terminology#1.0.7
[0;39m[39m done.
[0;39m[39m  Load de.gematik.terminology#1.0.7 - 52 resources (00:00.597)
[0;39m[39m  Load de.gematik.ti#1.1.1 - 17 resources (00:00.000)
[0;39m[39m  Load de.gematik.isik#5.1.0 - 247 resources (00:00.001)
[0;39m[39mInstalling hl7.fhir.uv.ips#2.0.0 to the package cache
[0;39m[39m  Fetching:
[0;39m[39m
[0;39m[39mInstalling hl7.fhir.uv.ips#2.0.0
[0;39m[39m done.
[0;39m[39mInstalling hl7.fhir.uv.ipa#1.1.0 to the package cache
[0;39m[39m  Fetching:
[0;39m[39m
[0;39m[39mInstalling hl7.fhir.uv.ipa#1.1.0
[0;39m[39m done.
[0;39m[39mInstalling hl7.fhir.uv.smart-app-launch#2.0.0 to the package cache
[0;39m[39m  Fetching:
[0;39m[39m
[0;39m[39mInstalling hl7.fhir.uv.smart-app-launch#2.0.0
[0;39m[39m done.
[0;39m[39m  Load hl7.fhir.uv.smart-app-launch#2.0.0 - 1 resources (00:00.692)
[0;39m[39m  Load hl7.fhir.uv.ipa#1.1.0 - 16 resources (00:00.000)
[0;39m[39m  Load hl7.fhir.uv.ips#2.0.0 - 71 resources (00:00.006)
[0;39m[39mInstalling hl7.fhir.eu.extensions.r4#0.1.1-ballot to the package cache
[0;39m[39m  Fetching:
[0;39m[39m
[0;39m[39mInstalling hl7.fhir.eu.extensions.r4#0.1.1-ballot
[0;39m[39m done.
[0;39m[39m  Load hl7.fhir.eu.extensions.r4#0.1.1-ballot - 7 resources (00:00.122)
[0;39m[39mInstalling hl7.fhir.uv.ips#1.1.0 to the package cache
[0;39m[39m  Fetching:
[0;39m[39m
[0;39m[39mInstalling hl7.fhir.uv.ips#1.1.0
[0;39m[39m done.
[0;39m[39mInstalling fhir.dicom#2022.4.20221006 to the package cache
[0;39m[39m  Fetching:
[0;39m[39m
[0;39m[39mInstalling fhir.dicom#2022.4.20221006
[0;39m[39m done.
[0;39m[39m  Load fhir.dicom#2022.4.20221006 - 1319 resources (00:00.825)
[0;39m[39m  Load hl7.fhir.uv.ips#1.1.0 - 104 resources (00:00.001)
[0;39m[39mInstalling hl7.fhir.eu.extensions#0.1.x to the package cache
[0;39m[39m  Fetching:
[0;39m[39m
[0;39m[39mInstalling hl7.fhir.eu.extensions#0.1.1
[0;39m[39m done.
[0;39m[39m  Load hl7.fhir.eu.extensions#0.1.x - 10 resources (00:00.236)
[0;39m[39m  Load hl7.fhir.eu.laboratory#0.1.1 - 63 resources (00:00.022)
[0;39m[39mInstalling hl7.terminology.r4#6.4.0 to the package cache
[0;39m[39m  Fetching:
[0;39m[39m
[0;39m[39mInstalling hl7.terminology.r4#6.4.0
[0;39m[39m done.
[0;39m[39m  Load hl7.terminology.r4#6.4.0 - 4346 resources (00:03.794)
[0;39m[39mInstalling hl7.fhir.eu.base#0.1.0-ballot to the package cache
[0;39m[39m  Fetching:
[0;39m[39m
[0;39m[39mInstalling hl7.fhir.eu.base#0.1.0-ballot
[0;39m[39m done.
[0;39m[39m  Load hl7.fhir.eu.base#0.1.0-ballot - 23 resources (00:00.246)
[0;39m[39mInstalling ihe.pharm.mpd.r4#1.0.0-comment-2 to the package cache
[0;39m[39m  Fetching:
[0;39m[39m
[0;39m[39mInstalling ihe.pharm.mpd.r4#1.0.0-comment-2
[0;39m[39m done.
[0;39m[39m  Load ihe.pharm.mpd.r4#1.0.0-comment-2 - 40 resources (00:00.186)
[0;39m[39m  Load hl7.fhir.eu.hdr#0.1.0-ballot - 95 resources (00:00.053)
[0;39m[39mInstalling hl7.fhir.eu.base#current to the package cache
[0;39m[39m  Fetching:
[0;39m[39m
[0;39m[39mInstalling hl7.fhir.eu.base#current
[0;39m[39m done.
[0;39m[39mInstalling hl7.fhir.uv.ips#current to the package cache
[0;39m[39m  Fetching:
[0;39m[39m
[0;39m[39mInstalling hl7.fhir.uv.ips#current
[0;39m[39m done.
[0;39m[39m  Load hl7.fhir.uv.ips#current - 71 resources (00:00.535)
[0;39m[39mInstalling hl7.fhir.eu.extensions.r4#0.1.1 to the package cache
[0;39m[39m  Fetching:
[0;39m[39m
[0;39m[39mInstalling hl7.fhir.eu.extensions.r4#0.1.1
[0;39m[39m done.
[0;39m[39m  Load hl7.fhir.eu.extensions.r4#0.1.1 - 10 resources (00:00.124)
[0;39m[39m  Load hl7.fhir.eu.base#current - 25 resources (00:00.000)
[0;39m[39m  Load hl7.fhir.eu.eps#0.0.1-ci - 101 resources (00:00.086)
[0;39m[39m  Package Summary: [hl7.fhir.r4.core#4.0.1, hl7.fhir.xver-extensions#0.1.0, hl7.terminology.r4#6.2.0, hl7.fhir.uv.extensions.r4#5.2.0, hl7.fhir.uv.extensions.r5#5.2.0, hl7.terminology#6.5.0, hl7.terminology.r5#6.5.0, hl7.fhir.uv.extensions#5.3.0-ballot-tc1, hl7.terminology.r4#5.0.0, hl7.fhir.uv.subscriptions-backport.r4#1.1.0, de.basisprofil.r4#1.5.4, de.ihe-d.terminology#3.0.1, dvmd.kdl.r4#2025.0.1, hl7.fhir.r4.examples#4.0.1, hl7.fhir.uv.sdc#3.0.0, hl7.terminology.r4#6.3.0, dvmd.kdl.r4#2025.0.0, de.gematik.terminology#1.0.6, hl7.terminology.r4#6.5.0, de.fhir.medication#1.0.0, de.gematik.terminology#1.0.7, de.gematik.ti#1.1.1, de.gematik.isik#5.1.0, hl7.fhir.uv.smart-app-launch#2.0.0, hl7.fhir.uv.ipa#1.1.0, hl7.fhir.uv.ips#2.0.0, hl7.fhir.eu.extensions.r4#0.1.1-ballot, fhir.dicom#2022.4.20221006, hl7.fhir.uv.ips#1.1.0, hl7.fhir.eu.extensions#0.1.1, hl7.fhir.eu.laboratory#0.1.1, hl7.terminology.r4#6.4.0, hl7.fhir.eu.base#0.1.0-ballot, ihe.pharm.mpd.r4#1.0.0-comment-2, hl7.fhir.eu.hdr#0.1.0-ballot, hl7.fhir.uv.ips#current, hl7.fhir.eu.extensions.r4#0.1.1, hl7.fhir.eu.base#current, hl7.fhir.eu.eps#0.0.1-ci]
[0;39m[39m  Terminology Cache at /tmp/default-tx-cache
[0;39m[39m  Get set... 
[0;39m[33mCan't find Quantity profile https://gematik.de/fhir/isik/StructureDefinition/MedicationQuantity but trying to go on
[0;39m[33mCan't find Quantity profile http://hl7.org/fhir/StructureDefinition/SimpleQuantity but trying to go on
[0;39m[39m  ...go! (00:15.038)
[0;39m[39mCached new session. Cache size = 1
[0;39m[39m  Paths:  Current = /home/runner/work/ISiK-EU-Compare/ISiK-EU-Compare, Package Cache = /home/runner/.fhir/packages
[0;39m[39m  Params: -compare -dest /home/runner/work/ISiK-EU-Compare/ISiK-EU-Compare/Comparison/EPS-procedure-eu-eps__ISiK-ISiKProzedur -version 4.0 -ig de.gematik.isik#5.1.0 -ig hl7.fhir.eu.eps#0.0.1-ci -left https://gematik.de/fhir/isik/StructureDefinition/ISiKProzedur -right http://hl7.eu/fhir/eps/StructureDefinition/procedure-eu-eps
[0;39m[39mValid destination directory provided: "/home/runner/work/ISiK-EU-Compare/ISiK-EU-Compare/Comparison/EPS-procedure-eu-eps__ISiK-ISiKProzedur")
[0;39m[39mInstalling hl7.fhir.pubpack#0.2.3 to the package cache
[0;39m[39m  Fetching:
[0;39m[39m
[0;39m[39mInstalling hl7.fhir.pubpack#0.2.3
[0;39m[39m done.
[0;39m[39m  Load hl7.fhir.pubpack#0.2.3 - 1 resources (00:00.492)
[0;39m[39mComparing StructureDefinitions https://gematik.de/fhir/isik/StructureDefinition/ISiKProzedur to http://hl7.eu/fhir/eps/StructureDefinition/procedure-eu-eps
[0;39m[39mGenerating output to /home/runner/work/ISiK-EU-Compare/ISiK-EU-Compare/Comparison/EPS-procedure-eu-eps__ISiK-ISiKProzedur...
[0;39m[39mHeadless environment detected; skipping browser launch.
[0;39m[39mDone: file:/home/runner/work/ISiK-EU-Compare/ISiK-EU-Compare/Comparison/EPS-procedure-eu-eps__ISiK-ISiKProzedur/index.html
[0;39m[39mDone. Times: Loading: 00:59.587. Max Memory = 3Gb
[0;39mPicked up JAVA_TOOL_OPTIONS: -Djava.awt.headless=true

