Picked up JAVA_TOOL_OPTIONS: -Djava.awt.headless=true
SLF4J: No SLF4J providers were found.
SLF4J: Defaulting to no-operation (NOP) logger implementation
SLF4J: See https://www.slf4j.org/codes.html#noProviders for further details.
SLF4J: Class path contains SLF4J bindings targeting slf4j-api versions 1.7.x or earlier.
SLF4J: Ignoring binding found at [jar:file:/home/runner/work/ISiK-EU-Compare/ISiK-EU-Compare/tmp/validator_cli.jar!/org/slf4j/impl/StaticLoggerBinder.class]
SLF4J: See https://www.slf4j.org/codes.html#ignoredBindings for an explanation.
FHIR Validation tool Version 6.4.0 (Git# 2f8ab91c55ac). Built 2025-05-12T11:32:12.116+02:00 (162 days old)
  Java:   21.0.8 from /usr/lib/jvm/temurin-21-jdk-amd64 on amd64 (64bit). 4000MB available
  Paths:  Current = /home/runner/work/ISiK-EU-Compare/ISiK-EU-Compare, Package Cache = /home/runner/.fhir/packages
  Params: -compare -dest Comparison/EU-Base-Organization -version 4.0 -ig de.gematik.isik#5.0.0 -ig hl7.fhir.eu.base#0.1.0-ballot -left https://gematik.de/fhir/isik/StructureDefinition/ISiKOrganisation -right http://hl7.eu/fhir/base/StructureDefinition/organization-eu
  Locale: /
  Jurisdiction: None specified (locale = )
  Note that exceptions and validation failures may happen in the absense of a locale
Loading
  Load FHIR v4.0 from hl7.fhir.r4.core#4.0.1Installing hl7.fhir.r4.core#4.0.1 to the package cache
  Fetching:

Installing hl7.fhir.r4.core#4.0.1
 done.
Installing hl7.fhir.xver-extensions#0.1.0 to the package cache
  Fetching:

Installing hl7.fhir.xver-extensions#0.1.0
 done.
 - 4576 resources (00:19.894)
Installing hl7.terminology#6.5.0 to the package cache
  Fetching:

Installing hl7.terminology#6.5.0
 done.
Installing hl7.fhir.uv.extensions.r5#5.2.0 to the package cache
  Fetching:

Installing hl7.fhir.uv.extensions.r5#5.2.0
 done.
  Load hl7.fhir.uv.extensions.r5#5.2.0 - 758 resources (00:03.494)
  Load hl7.terminology#6.5.0 - 4356 resources (00:01.072)
Installing hl7.fhir.uv.extensions#5.3.0-ballot-tc1 to the package cache
  Fetching:

Installing hl7.fhir.uv.extensions#5.3.0-ballot-tc1
 done.
Installing hl7.terminology.r5#6.5.0 to the package cache
  Fetching:

Installing hl7.terminology.r5#6.5.0
 done.
  Load hl7.terminology.r5#6.5.0 - 4356 resources (00:01.649)
  Load hl7.fhir.uv.extensions#5.3.0-ballot-tc1 - 822 resources (00:00.839)
  Terminology server http://tx.fhir.org - Version Connected to Terminology Server at http://tx.fhir.org (00:00.521)
Installing hl7.fhir.uv.subscriptions-backport.r4#1.1.0 to the package cache
  Fetching:

Installing hl7.fhir.uv.subscriptions-backport.r4#1.1.0
 done.
Installing hl7.terminology.r4#5.0.0 to the package cache
  Fetching:

Installing hl7.terminology.r4#5.0.0
 done.
  Load hl7.terminology.r4#5.0.0 - 4174 resources (00:06.876)
  Load hl7.fhir.uv.subscriptions-backport.r4#1.1.0 - 23 resources (00:00.029)
Installing de.basisprofil.r4#1.5.4 to the package cache
  Fetching:

Installing de.basisprofil.r4#1.5.4
 done.
  Load de.basisprofil.r4#1.5.4 - 186 resources (00:01.462)
Installing de.ihe-d.terminology#3.0.1 to the package cache
  Fetching:

Installing de.ihe-d.terminology#3.0.1
 done.
  Load de.ihe-d.terminology#3.0.1 - 32 resources (00:00.177)
Installing dvmd.kdl.r4#2025.0.1 to the package cache
  Fetching:

Installing dvmd.kdl.r4#2025.0.1
 done.
  Load dvmd.kdl.r4#2025.0.1 - 4 resources (00:00.131)
Installing hl7.fhir.uv.sdc#3.0.0 to the package cache
  Fetching:

Installing hl7.fhir.uv.sdc#3.0.0
 done.
Installing hl7.fhir.r4.examples#4.0.1 to the package cache
  Fetching:

Installing hl7.fhir.r4.examples#4.0.1
 done.
  Load hl7.fhir.r4.examples#4.0.1 - 4582 resources (00:11.844)
  Load hl7.fhir.uv.sdc#3.0.0 - 137 resources (00:00.289)
Installing de.gematik.terminology#1.0.6 to the package cache
  Fetching:

Installing de.gematik.terminology#1.0.6
 done.
Installing hl7.terminology.r4#6.3.0 to the package cache
  Fetching:

Installing hl7.terminology.r4#6.3.0
 done.
Installing hl7.fhir.uv.extensions.r4#5.2.0 to the package cache
  Fetching:

Installing hl7.fhir.uv.extensions.r4#5.2.0
 done.
  Load hl7.fhir.uv.extensions.r4#5.2.0 - 758 resources (00:03.632)
  Load hl7.terminology.r4#6.3.0 - 4338 resources (00:01.175)
Installing dvmd.kdl.r4#2025.0.0 to the package cache
  Fetching:

Installing dvmd.kdl.r4#2025.0.0
 done.
  Load dvmd.kdl.r4#2025.0.0 - 4 resources (00:00.135)
  Load de.gematik.terminology#1.0.6 - 50 resources (00:00.008)
  Load de.gematik.isik#5.0.0 - 238 resources (00:01.092)
Installing hl7.fhir.uv.ips#1.1.0 to the package cache
  Fetching:

Installing hl7.fhir.uv.ips#1.1.0
 done.
Installing fhir.dicom#2022.4.20221006 to the package cache
  Fetching:

Installing fhir.dicom#2022.4.20221006
 done.
  Load fhir.dicom#2022.4.20221006 - 1319 resources (00:02.574)
  Load hl7.fhir.uv.ips#1.1.0 - 103 resources (00:00.202)
Installing hl7.terminology.r4#6.2.0 to the package cache
  Fetching:

Installing hl7.terminology.r4#6.2.0
 done.
  Load hl7.terminology.r4#6.2.0 - 4287 resources (00:02.684)
  Load hl7.fhir.eu.extensions.r4#0.1.1-ballot - 6 resources (00:00.002)
  Load hl7.fhir.eu.base#0.1.0-ballot - 22 resources (00:00.034)
  Package Summary: [hl7.fhir.r4.core#4.0.1, hl7.fhir.xver-extensions#0.1.0, hl7.fhir.uv.extensions.r5#5.2.0, hl7.terminology#6.5.0, hl7.terminology.r5#6.5.0, hl7.fhir.uv.extensions#5.3.0-ballot-tc1, hl7.terminology.r4#5.0.0, hl7.fhir.uv.subscriptions-backport.r4#1.1.0, de.basisprofil.r4#1.5.4, de.ihe-d.terminology#3.0.1, dvmd.kdl.r4#2025.0.1, hl7.fhir.r4.examples#4.0.1, hl7.fhir.uv.sdc#3.0.0, hl7.fhir.uv.extensions.r4#5.2.0, hl7.terminology.r4#6.3.0, dvmd.kdl.r4#2025.0.0, de.gematik.terminology#1.0.6, de.gematik.isik#5.0.0, fhir.dicom#2022.4.20221006, hl7.fhir.uv.ips#1.1.0, hl7.terminology.r4#6.2.0, hl7.fhir.eu.extensions.r4#0.1.1-ballot, hl7.fhir.eu.base#0.1.0-ballot]
  Terminology Cache at /tmp/default-tx-cache
  Get set...  go (00:00.272)
Cached new session. Cache size = 1
  Paths:  Current = /home/runner/work/ISiK-EU-Compare/ISiK-EU-Compare, Package Cache = /home/runner/.fhir/packages
  Params: -compare -dest Comparison/EU-Base-Organization -version 4.0 -ig de.gematik.isik#5.0.0 -ig hl7.fhir.eu.base#0.1.0-ballot -left https://gematik.de/fhir/isik/StructureDefinition/ISiKOrganisation -right http://hl7.eu/fhir/base/StructureDefinition/organization-eu
Valid destination directory provided: "Comparison/EU-Base-Organization")
  Load FHIR v4.0 from hl7.fhir.r4.core#4.0.1 - 4576 resources (00:01.105)
  Load hl7.fhir.uv.extensions.r5#5.2.0 - 758 resources (00:00.912)
  Load hl7.terminology#6.5.0 - 4356 resources (00:00.558)
  Load hl7.terminology.r5#6.5.0 - 4356 resources (00:00.455)
  Load hl7.fhir.uv.extensions#5.3.0-ballot-tc1 - 822 resources (00:00.745)
  Terminology server http://tx.fhir.org - Version Connected to Terminology Server at http://tx.fhir.org (00:00.108)
  Load hl7.terminology.r4#5.0.0 - 4174 resources (00:00.841)
  Load hl7.fhir.uv.subscriptions-backport.r4#1.1.0 - 23 resources (00:00.032)
  Load de.basisprofil.r4#1.5.4 - 186 resources (00:00.135)
  Load de.ihe-d.terminology#3.0.1 - 32 resources (00:00.008)
  Load dvmd.kdl.r4#2025.0.1 - 4 resources (00:00.000)
  Load hl7.fhir.r4.examples#4.0.1 - 4582 resources (00:01.983)
  Load hl7.fhir.uv.sdc#3.0.0 - 137 resources (00:00.259)
  Load hl7.fhir.uv.extensions.r4#5.2.0 - 758 resources (00:00.829)
  Load hl7.terminology.r4#6.3.0 - 4338 resources (00:01.154)
  Load dvmd.kdl.r4#2025.0.0 - 4 resources (00:00.002)
  Load de.gematik.terminology#1.0.6 - 50 resources (00:00.008)
  Load de.gematik.isik#5.0.0 - 238 resources (00:01.190)
  Load fhir.dicom#2022.4.20221006 - 1319 resources (00:00.029)
  Load hl7.fhir.uv.ips#1.1.0 - 103 resources (00:00.255)
  Load hl7.terminology.r4#6.2.0 - 4287 resources (00:02.130)
  Load hl7.fhir.eu.extensions.r4#0.1.1-ballot - 6 resources (00:00.002)
  Load hl7.fhir.eu.base#0.1.0-ballot - 22 resources (00:00.036)
  Package Summary: [hl7.fhir.r4.core#4.0.1, hl7.fhir.xver-extensions#0.1.0, hl7.fhir.uv.extensions.r5#5.2.0, hl7.terminology#6.5.0, hl7.terminology.r5#6.5.0, hl7.fhir.uv.extensions#5.3.0-ballot-tc1, hl7.terminology.r4#5.0.0, hl7.fhir.uv.subscriptions-backport.r4#1.1.0, de.basisprofil.r4#1.5.4, de.ihe-d.terminology#3.0.1, dvmd.kdl.r4#2025.0.1, hl7.fhir.r4.examples#4.0.1, hl7.fhir.uv.sdc#3.0.0, hl7.fhir.uv.extensions.r4#5.2.0, hl7.terminology.r4#6.3.0, dvmd.kdl.r4#2025.0.0, de.gematik.terminology#1.0.6, de.gematik.isik#5.0.0, fhir.dicom#2022.4.20221006, hl7.fhir.uv.ips#1.1.0, hl7.terminology.r4#6.2.0, hl7.fhir.eu.extensions.r4#0.1.1-ballot, hl7.fhir.eu.base#0.1.0-ballot]
  Terminology Cache at /tmp/default-tx-cache
  Get set...  go (00:00.154)
Cached new session. Cache size = 2
Installing hl7.fhir.pubpack#0.2.3 to the package cache
  Fetching:

Installing hl7.fhir.pubpack#0.2.3
 done.
  Load hl7.fhir.pubpack#0.2.3 - 0 resources (00:01.517)
Comparing StructureDefinitions https://gematik.de/fhir/isik/StructureDefinition/ISiKOrganisation to http://hl7.eu/fhir/base/StructureDefinition/organization-eu
Generating output to Comparison/EU-Base-Organization...
Exception rendering https://gematik.de/fhir/isik/StructureDefinition/ISiKOrganisation|5.0.0||http://hl7.eu/fhir/base/StructureDefinition/organization-eu|0.1.0-ballot: Cannot invoke "String.length()" because "this.source" is null
java.lang.NullPointerException: Cannot invoke "String.length()" because "this.source" is null
	at org.hl7.fhir.r5.utils.LiquidEngine$LiquidParser.parseList(LiquidEngine.java:548)
	at org.hl7.fhir.r5.utils.LiquidEngine$LiquidParser.parse(LiquidEngine.java:517)
	at org.hl7.fhir.r5.utils.LiquidEngine.parse(LiquidEngine.java:123)
	at org.hl7.fhir.r5.comparison.ComparisonRenderer.processTemplate(ComparisonRenderer.java:272)
	at org.hl7.fhir.r5.comparison.ComparisonRenderer.renderProfile(ComparisonRenderer.java:240)
	at org.hl7.fhir.r5.comparison.ComparisonRenderer.renderComparison(ComparisonRenderer.java:148)
	at org.hl7.fhir.r5.comparison.ComparisonRenderer.processList(ComparisonRenderer.java:115)
	at org.hl7.fhir.r5.comparison.ComparisonRenderer.render(ComparisonRenderer.java:91)
	at org.hl7.fhir.validation.cli.services.ComparisonService.compareStructureDefinitions(ComparisonService.java:76)
	at org.hl7.fhir.validation.cli.services.ComparisonService.doLeftRightComparison(ComparisonService.java:39)
	at org.hl7.fhir.validation.cli.tasks.CompareTask.executeTask(CompareTask.java:57)
	at org.hl7.fhir.validation.ValidatorCli.readParamsAndExecuteTask(ValidatorCli.java:375)
	at org.hl7.fhir.validation.ValidatorCli.readParamsAndExecuteTask(ValidatorCli.java:172)
	at org.hl7.fhir.validation.ValidatorCli.main(ValidatorCli.java:207)
Headless environment detected; skipping browser launch.
Done: file:/home/runner/work/ISiK-EU-Compare/ISiK-EU-Compare/Comparison/EU-Base-Organization/index.html
Done. Times: Loading: 01:00.773. Max Memory = 3Gb
