Status: success
Left IG: de.gematik.isik@5.1.0
Right IG: hl7.fhir.eu.hdr@0.1.0-ballot
----- validator output -----
[39mFHIR Validation tool Version 6.7.6 (Git# d7148cb9f6ad). Built 2025-10-30T09:57:37.289Z (6 days old)
[0;39m[39m  Java:   21.0.9 from /usr/lib/jvm/temurin-21-jdk-amd64 on amd64 (64bit). 4000MB available
[0;39m[39m  Paths:  Current = /home/runner/work/ISiK-EU-Compare/ISiK-EU-Compare, Package Cache = /home/runner/.fhir/packages
[0;39m[39m  Params: -compare -dest /home/runner/work/ISiK-EU-Compare/ISiK-EU-Compare/Comparison/HDR-patient-obl-eu-hdr__ISiK-ISiKPatient -version 4.0 -ig de.gematik.isik#5.1.0 -ig hl7.fhir.eu.hdr#0.1.0-ballot -left https://gematik.de/fhir/isik/StructureDefinition/ISiKPatient -right http://hl7.eu/fhir/hdr/StructureDefinition/patient-obl-eu-hdr
[0;39m[39m  Locale: /
[0;39m[39m  Jurisdiction: None specified (locale = )
[0;39m[39m  Note that exceptions and validation failures may happen in the absence of a locale
[0;39m[39mLoading
[0;39m[39m  Loading FHIR v4.0 from hl7.fhir.r4.core#4.0.1
[0;39m[39mInstalling hl7.fhir.r4.core#4.0.1 to the package cache
[0;39m[39m  Fetching:
[0;39m[39m
[0;39m[39mInstalling hl7.fhir.r4.core#4.0.1
[0;39m[39m done.
[0;39m[39mInstalling hl7.fhir.xver-extensions#0.1.0 to the package cache
[0;39m[39m  Fetching:
[0;39m[39m
[0;39m[39mInstalling hl7.fhir.xver-extensions#0.1.0
[0;39m[39m done.
[0;39m[39mInstalling hl7.terminology.r4#6.2.0 to the package cache
[0;39m[39m  Fetching:
[0;39m[39m
[0;39m[39mInstalling hl7.terminology.r4#6.2.0
[0;39m[39m done.
[0;39m[39m  Load hl7.terminology.r4#6.2.0 - 4288 resources (00:11.722)
[0;39m[39mInstalling hl7.fhir.uv.extensions.r4#5.2.0 to the package cache
[0;39m[39m  Fetching:
[0;39m[39m
[0;39m[39mInstalling hl7.fhir.uv.extensions.r4#5.2.0
[0;39m[39m done.
[0;39m[39m  Load hl7.fhir.uv.extensions.r4#5.2.0 - 759 resources (00:02.165)
[0;39m[39m  Loaded FHIR - 8265 resources (00:00.000)
[0;39m[39m  Terminology server http://tx.fhir.org - Version Connected to Terminology Server at http://tx.fhir.org (00:01.491)
[0;39m[39mInstalling hl7.terminology#6.5.0 to the package cache
[0;39m[39m  Fetching:
[0;39m[39m
[0;39m[39mInstalling hl7.terminology#6.5.0
[0;39m[39m done.
[0;39m[39mInstalling hl7.fhir.uv.extensions.r5#5.2.0 to the package cache
[0;39m[39m  Fetching:
[0;39m[39m
[0;39m[39mInstalling hl7.fhir.uv.extensions.r5#5.2.0
[0;39m[39m done.
[0;39m[39m  Load hl7.fhir.uv.extensions.r5#5.2.0 - 759 resources (00:02.182)
[0;39m[39m  Load hl7.terminology#6.5.0 - 4357 resources (00:00.717)
[0;39m[39mInstalling hl7.fhir.uv.extensions#5.3.0-ballot-tc1 to the package cache
[0;39m[39m  Fetching:
[0;39m[39m
[0;39m[39mInstalling hl7.fhir.uv.extensions#5.3.0-ballot-tc1
[0;39m[39m done.
[0;39m[39mInstalling hl7.terminology.r5#6.5.0 to the package cache
[0;39m[39m  Fetching:
[0;39m[39m
[0;39m[39mInstalling hl7.terminology.r5#6.5.0
[0;39m[39m done.
[0;39m[39m  Load hl7.terminology.r5#6.5.0 - 4357 resources (00:02.464)
[0;39m[39m  Load hl7.fhir.uv.extensions#5.3.0-ballot-tc1 - 823 resources (00:00.020)
[0;39m[39mInstalling hl7.fhir.uv.subscriptions-backport.r4#1.1.0 to the package cache
[0;39m[39m  Fetching:
[0;39m[39m
[0;39m[39mInstalling hl7.fhir.uv.subscriptions-backport.r4#1.1.0
[0;39m[39m done.
[0;39m[39mInstalling hl7.terminology.r4#5.0.0 to the package cache
[0;39m[39m  Fetching:
[0;39m[39m
[0;39m[39mInstalling hl7.terminology.r4#5.0.0
[0;39m[39m done.
[0;39m[39m  Load hl7.terminology.r4#5.0.0 - 4175 resources (00:02.900)
[0;39m[39m  Load hl7.fhir.uv.subscriptions-backport.r4#1.1.0 - 24 resources (00:00.000)
[0;39m[39mInstalling de.basisprofil.r4#1.5.4 to the package cache
[0;39m[39m  Fetching:
[0;39m[39m
[0;39m[39mInstalling de.basisprofil.r4#1.5.4
[0;39m[39m done.
[0;39m[39m  Load de.basisprofil.r4#1.5.4 - 187 resources (00:00.432)
[0;39m[39mInstalling de.ihe-d.terminology#3.0.1 to the package cache
[0;39m[39m  Fetching:
[0;39m[39m
[0;39m[39mInstalling de.ihe-d.terminology#3.0.1
[0;39m[39m done.
[0;39m[39m  Load de.ihe-d.terminology#3.0.1 - 32 resources (00:00.297)
[0;39m[39mInstalling dvmd.kdl.r4#2025.0.1 to the package cache
[0;39m[39m  Fetching:
[0;39m[39m
[0;39m[39mInstalling dvmd.kdl.r4#2025.0.1
[0;39m[39m done.
[0;39m[39m  Load dvmd.kdl.r4#2025.0.1 - 5 resources (00:00.227)
[0;39m[39mInstalling hl7.fhir.uv.sdc#3.0.0 to the package cache
[0;39m[39m  Fetching:
[0;39m[39m
[0;39m[39mInstalling hl7.fhir.uv.sdc#3.0.0
[0;39m[39m done.
[0;39m[39mInstalling hl7.fhir.r4.examples#4.0.1 to the package cache
[0;39m[39m  Fetching:
[0;39m[39m
[0;39m[39mInstalling hl7.fhir.r4.examples#4.0.1
[0;39m[39m done.
[0;39m[39m  Load hl7.fhir.r4.examples#4.0.1 - 4581 resources (00:05.221)
[0;39m[39m  Load hl7.fhir.uv.sdc#3.0.0 - 138 resources (00:00.007)
[0;39m[39mInstalling de.gematik.terminology#1.0.6 to the package cache
[0;39m[39m  Fetching:
[0;39m[39m
[0;39m[39mInstalling de.gematik.terminology#1.0.6
[0;39m[39m done.
[0;39m[39mInstalling hl7.terminology.r4#6.3.0 to the package cache
[0;39m[39m  Fetching:
[0;39m[39m
[0;39m[39mInstalling hl7.terminology.r4#6.3.0
[0;39m[39m done.
[0;39m[39m  Load hl7.terminology.r4#6.3.0 - 4339 resources (00:03.224)
[0;39m[39mInstalling dvmd.kdl.r4#2025.0.0 to the package cache
[0;39m[39m  Fetching:
[0;39m[39m
[0;39m[39mInstalling dvmd.kdl.r4#2025.0.0
[0;39m[39m done.
[0;39m[39m  Load dvmd.kdl.r4#2025.0.0 - 5 resources (00:00.406)
[0;39m[39m  Load de.gematik.terminology#1.0.6 - 51 resources (00:00.007)
[0;39m[39mInstalling de.fhir.medication#1.0.0 to the package cache
[0;39m[39m  Fetching:
[0;39m[39m
[0;39m[39mInstalling de.fhir.medication#1.0.0
[0;39m[39m done.
[0;39m[39mInstalling hl7.terminology.r4#6.5.0 to the package cache
[0;39m[39m  Fetching:
[0;39m[39m
[0;39m[39mInstalling hl7.terminology.r4#6.5.0
[0;39m[39m done.
[0;39m[39m  Load hl7.terminology.r4#6.5.0 - 4357 resources (00:03.473)
[0;39m[39m  Load de.fhir.medication#1.0.0 - 15 resources (00:00.000)
[0;39m[39mInstalling de.gematik.ti#1.1.1 to the package cache
[0;39m[39m  Fetching:
[0;39m[39m
[0;39m[39mInstalling de.gematik.ti#1.1.1
[0;39m[39m done.
[0;39m[39mInstalling de.gematik.terminology#1.0.7 to the package cache
[0;39m[39m  Fetching:
[0;39m[39m
[0;39m[39mInstalling de.gematik.terminology#1.0.7
[0;39m[39m done.
[0;39m[39m  Load de.gematik.terminology#1.0.7 - 52 resources (00:00.711)
[0;39m[39m  Load de.gematik.ti#1.1.1 - 17 resources (00:00.000)
[0;39m[39m  Load de.gematik.isik#5.1.0 - 247 resources (00:00.001)
[0;39m[39mInstalling hl7.terminology.r4#6.4.0 to the package cache
[0;39m[39m  Fetching:
[0;39m[39m
[0;39m[39mInstalling hl7.terminology.r4#6.4.0
[0;39m[39m done.
[0;39m[39m  Load hl7.terminology.r4#6.4.0 - 4346 resources (00:03.583)
[0;39m[39mInstalling hl7.fhir.uv.ips#1.1.0 to the package cache
[0;39m[39m  Fetching:
[0;39m[39m
[0;39m[39mInstalling hl7.fhir.uv.ips#1.1.0
[0;39m[39m done.
[0;39m[39mInstalling fhir.dicom#2022.4.20221006 to the package cache
[0;39m[39m  Fetching:
[0;39m[39m
[0;39m[39mInstalling fhir.dicom#2022.4.20221006
[0;39m[39m done.
[0;39m[39m  Load fhir.dicom#2022.4.20221006 - 1319 resources (00:00.973)
[0;39m[39m  Load hl7.fhir.uv.ips#1.1.0 - 104 resources (00:00.000)
[0;39m[39mInstalling hl7.fhir.eu.extensions.r4#0.1.1-ballot to the package cache
[0;39m[39m  Fetching:
[0;39m[39m
[0;39m[39mInstalling hl7.fhir.eu.extensions.r4#0.1.1-ballot
[0;39m[39m done.
[0;39m[39m  Load hl7.fhir.eu.extensions.r4#0.1.1-ballot - 7 resources (00:00.144)
[0;39m[39mInstalling hl7.fhir.eu.extensions#0.1.x to the package cache
[0;39m[39m  Fetching:
[0;39m[39m
[0;39m[39mInstalling hl7.fhir.eu.extensions#0.1.1
[0;39m[39m done.
[0;39m[39m  Load hl7.fhir.eu.extensions#0.1.x - 10 resources (00:00.225)
[0;39m[39m  Load hl7.fhir.eu.laboratory#0.1.1 - 63 resources (00:00.027)
[0;39m[39mInstalling hl7.fhir.eu.base#0.1.0-ballot to the package cache
[0;39m[39m  Fetching:
[0;39m[39m
[0;39m[39mInstalling hl7.fhir.eu.base#0.1.0-ballot
[0;39m[39m done.
[0;39m[39m  Load hl7.fhir.eu.base#0.1.0-ballot - 23 resources (00:00.287)
[0;39m[39mInstalling ihe.pharm.mpd.r4#1.0.0-comment-2 to the package cache
[0;39m[39m  Fetching:
[0;39m[39m
[0;39m[39mInstalling ihe.pharm.mpd.r4#1.0.0-comment-2
[0;39m[39m done.
[0;39m[39m  Load ihe.pharm.mpd.r4#1.0.0-comment-2 - 40 resources (00:00.220)
[0;39m[39m  Load hl7.fhir.eu.hdr#0.1.0-ballot - 95 resources (00:00.057)
[0;39m[39m  Package Summary: [hl7.fhir.r4.core#4.0.1, hl7.fhir.xver-extensions#0.1.0, hl7.terminology.r4#6.2.0, hl7.fhir.uv.extensions.r4#5.2.0, hl7.fhir.uv.extensions.r5#5.2.0, hl7.terminology#6.5.0, hl7.terminology.r5#6.5.0, hl7.fhir.uv.extensions#5.3.0-ballot-tc1, hl7.terminology.r4#5.0.0, hl7.fhir.uv.subscriptions-backport.r4#1.1.0, de.basisprofil.r4#1.5.4, de.ihe-d.terminology#3.0.1, dvmd.kdl.r4#2025.0.1, hl7.fhir.r4.examples#4.0.1, hl7.fhir.uv.sdc#3.0.0, hl7.terminology.r4#6.3.0, dvmd.kdl.r4#2025.0.0, de.gematik.terminology#1.0.6, hl7.terminology.r4#6.5.0, de.fhir.medication#1.0.0, de.gematik.terminology#1.0.7, de.gematik.ti#1.1.1, de.gematik.isik#5.1.0, hl7.terminology.r4#6.4.0, fhir.dicom#2022.4.20221006, hl7.fhir.uv.ips#1.1.0, hl7.fhir.eu.extensions.r4#0.1.1-ballot, hl7.fhir.eu.extensions#0.1.1, hl7.fhir.eu.laboratory#0.1.1, hl7.fhir.eu.base#0.1.0-ballot, ihe.pharm.mpd.r4#1.0.0-comment-2, hl7.fhir.eu.hdr#0.1.0-ballot]
[0;39m[39m  Terminology Cache at /tmp/default-tx-cache
[0;39m[39m  Get set... 
[0;39m[33mCan't find Quantity profile https://gematik.de/fhir/isik/StructureDefinition/MedicationQuantity but trying to go on
[0;39m[33mCan't find Quantity profile http://hl7.org/fhir/StructureDefinition/SimpleQuantity but trying to go on
[0;39m[39m  ...go! (00:15.390)
[0;39m[39mCached new session. Cache size = 1
[0;39m[39m  Paths:  Current = /home/runner/work/ISiK-EU-Compare/ISiK-EU-Compare, Package Cache = /home/runner/.fhir/packages
[0;39m[39m  Params: -compare -dest /home/runner/work/ISiK-EU-Compare/ISiK-EU-Compare/Comparison/HDR-patient-obl-eu-hdr__ISiK-ISiKPatient -version 4.0 -ig de.gematik.isik#5.1.0 -ig hl7.fhir.eu.hdr#0.1.0-ballot -left https://gematik.de/fhir/isik/StructureDefinition/ISiKPatient -right http://hl7.eu/fhir/hdr/StructureDefinition/patient-obl-eu-hdr
[0;39m[39mValid destination directory provided: "/home/runner/work/ISiK-EU-Compare/ISiK-EU-Compare/Comparison/HDR-patient-obl-eu-hdr__ISiK-ISiKPatient")
[0;39m[39mInstalling hl7.fhir.pubpack#0.2.3 to the package cache
[0;39m[39m  Fetching:
[0;39m[39m
[0;39m[39mInstalling hl7.fhir.pubpack#0.2.3
[0;39m[39m done.
[0;39m[39m  Load hl7.fhir.pubpack#0.2.3 - 1 resources (00:00.705)
[0;39m[39mComparing StructureDefinitions https://gematik.de/fhir/isik/StructureDefinition/ISiKPatient to http://hl7.eu/fhir/hdr/StructureDefinition/patient-obl-eu-hdr
[0;39m[39mGenerating output to /home/runner/work/ISiK-EU-Compare/ISiK-EU-Compare/Comparison/HDR-patient-obl-eu-hdr__ISiK-ISiKPatient...
[0;39m[39mHeadless environment detected; skipping browser launch.
[0;39m[39mDone: file:/home/runner/work/ISiK-EU-Compare/ISiK-EU-Compare/Comparison/HDR-patient-obl-eu-hdr__ISiK-ISiKPatient/index.html
[0;39m[39mDone. Times: Loading: 00:58.596. Max Memory = 3Gb
[0;39mPicked up JAVA_TOOL_OPTIONS: -Djava.awt.headless=true

