Picked up JAVA_TOOL_OPTIONS: -Djava.awt.headless=true
SLF4J: No SLF4J providers were found.
SLF4J: Defaulting to no-operation (NOP) logger implementation
SLF4J: See https://www.slf4j.org/codes.html#noProviders for further details.
SLF4J: Class path contains SLF4J bindings targeting slf4j-api versions 1.7.x or earlier.
SLF4J: Ignoring binding found at [jar:file:/home/runner/work/ISiK-EU-Compare/ISiK-EU-Compare/tmp/validator_cli.jar!/org/slf4j/impl/StaticLoggerBinder.class]
SLF4J: See https://www.slf4j.org/codes.html#ignoredBindings for an explanation.
FHIR Validation tool Version 6.4.0 (Git# 2f8ab91c55ac). Built 2025-05-12T11:32:12.116+02:00 (162 days old)
  Java:   21.0.8 from /usr/lib/jvm/temurin-21-jdk-amd64 on amd64 (64bit). 4000MB available
  Paths:  Current = /home/runner/work/ISiK-EU-Compare/ISiK-EU-Compare, Package Cache = /home/runner/.fhir/packages
  Params: -compare -dest Comparison/Laboratory-ObservationLabResult -version 4.0 -ig de.gematik.isik#5.0.0 -ig hl7.fhir.eu.laboratory#0.2.0-ci -left https://gematik.de/fhir/isik/StructureDefinition/ISiKLaboruntersuchung -right http://hl7.eu/fhir/laboratory/StructureDefinition/Observation-resultslab-eu-lab
  Locale: /
  Jurisdiction: None specified (locale = )
  Note that exceptions and validation failures may happen in the absense of a locale
Loading
  Load FHIR v4.0 from hl7.fhir.r4.core#4.0.1Installing hl7.fhir.r4.core#4.0.1 to the package cache
  Fetching:

Installing hl7.fhir.r4.core#4.0.1
 done.
Installing hl7.fhir.xver-extensions#0.1.0 to the package cache
  Fetching:

Installing hl7.fhir.xver-extensions#0.1.0
 done.
 - 4576 resources (00:23.043)
Installing hl7.terminology#6.5.0 to the package cache
  Fetching:

Installing hl7.terminology#6.5.0
 done.
Installing hl7.fhir.uv.extensions.r5#5.2.0 to the package cache
  Fetching:

Installing hl7.fhir.uv.extensions.r5#5.2.0
 done.
  Load hl7.fhir.uv.extensions.r5#5.2.0 - 758 resources (00:03.578)
  Load hl7.terminology#6.5.0 - 4356 resources (00:01.351)
Installing hl7.fhir.uv.extensions#5.3.0-ballot-tc1 to the package cache
  Fetching:

Installing hl7.fhir.uv.extensions#5.3.0-ballot-tc1
 done.
Installing hl7.terminology.r5#6.5.0 to the package cache
  Fetching:

Installing hl7.terminology.r5#6.5.0
 done.
  Load hl7.terminology.r5#6.5.0 - 4356 resources (00:01.597)
  Load hl7.fhir.uv.extensions#5.3.0-ballot-tc1 - 822 resources (00:00.996)
  Terminology server http://tx.fhir.org - Version Connected to Terminology Server at http://tx.fhir.org (00:00.429)
Installing hl7.fhir.uv.subscriptions-backport.r4#1.1.0 to the package cache
  Fetching:

Installing hl7.fhir.uv.subscriptions-backport.r4#1.1.0
 done.
Installing hl7.terminology.r4#5.0.0 to the package cache
  Fetching:

Installing hl7.terminology.r4#5.0.0
 done.
  Load hl7.terminology.r4#5.0.0 - 4174 resources (00:11.410)
  Load hl7.fhir.uv.subscriptions-backport.r4#1.1.0 - 23 resources (00:00.062)
Installing de.basisprofil.r4#1.5.4 to the package cache
  Fetching:

Installing de.basisprofil.r4#1.5.4
 done.
  Load de.basisprofil.r4#1.5.4 - 186 resources (00:01.582)
Installing de.ihe-d.terminology#3.0.1 to the package cache
  Fetching:

Installing de.ihe-d.terminology#3.0.1
 done.
  Load de.ihe-d.terminology#3.0.1 - 32 resources (00:00.175)
Installing dvmd.kdl.r4#2025.0.1 to the package cache
  Fetching:

Installing dvmd.kdl.r4#2025.0.1
 done.
  Load dvmd.kdl.r4#2025.0.1 - 4 resources (00:00.131)
Installing hl7.fhir.uv.sdc#3.0.0 to the package cache
  Fetching:

Installing hl7.fhir.uv.sdc#3.0.0
 done.
Installing hl7.fhir.r4.examples#4.0.1 to the package cache
  Fetching:

Installing hl7.fhir.r4.examples#4.0.1
 done.
  Load hl7.fhir.r4.examples#4.0.1 - 4582 resources (00:18.301)
  Load hl7.fhir.uv.sdc#3.0.0 - 137 resources (00:00.292)
Installing de.gematik.terminology#1.0.6 to the package cache
  Fetching:

Installing de.gematik.terminology#1.0.6
 done.
Installing hl7.terminology.r4#6.3.0 to the package cache
  Fetching:

Installing hl7.terminology.r4#6.3.0
 done.
Installing hl7.fhir.uv.extensions.r4#5.2.0 to the package cache
  Fetching:

Installing hl7.fhir.uv.extensions.r4#5.2.0
 done.
  Load hl7.fhir.uv.extensions.r4#5.2.0 - 758 resources (00:03.833)
  Load hl7.terminology.r4#6.3.0 - 4338 resources (00:01.259)
Installing dvmd.kdl.r4#2025.0.0 to the package cache
  Fetching:

Installing dvmd.kdl.r4#2025.0.0
 done.
  Load dvmd.kdl.r4#2025.0.0 - 4 resources (00:00.144)
  Load de.gematik.terminology#1.0.6 - 50 resources (00:00.010)
  Load de.gematik.isik#5.0.0 - 238 resources (00:01.268)
Installing hl7.terminology.r4#6.2.0 to the package cache
  Fetching:

Installing hl7.terminology.r4#6.2.0
 done.
  Load hl7.terminology.r4#6.2.0 - 4287 resources (00:03.763)
Installing hl7.fhir.uv.ips#1.1.0 to the package cache
  Fetching:

Installing hl7.fhir.uv.ips#1.1.0
 done.
Installing fhir.dicom#2022.4.20221006 to the package cache
  Fetching:

Installing fhir.dicom#2022.4.20221006
 done.
  Load fhir.dicom#2022.4.20221006 - 1319 resources (00:03.505)
  Load hl7.fhir.uv.ips#1.1.0 - 103 resources (00:00.202)
Installing hl7.fhir.eu.extensions#0.1.1-ballot to the package cache
  Fetching:

Installing hl7.fhir.eu.extensions#0.1.1-ballot
 done.
Installing hl7.terminology.r5#6.2.0 to the package cache
  Fetching:

Installing hl7.terminology.r5#6.2.0
 done.
  Load hl7.terminology.r5#6.2.0 - 4287 resources (00:01.703)
  Load hl7.fhir.eu.extensions#0.1.1-ballot - 6 resources (00:00.007)
Installing hl7.fhir.eu.base.r4#0.1.0-ballot to the package cache
  Fetching:
Error fetching https://packages.fhir.org/hl7.fhir.eu.base.r4: Not Found
Error fetching https://packages2.fhir.org/packages/hl7.fhir.eu.base.r4: Not Found
Exception in thread "main" org.hl7.fhir.exceptions.FHIRException: Unable to resolve package id hl7.fhir.eu.base.r4#0.1.0-ballot
	at org.hl7.fhir.utilities.npm.FilesystemPackageCacheManager.fetchTheOldWay(FilesystemPackageCacheManager.java:917)
	at org.hl7.fhir.utilities.npm.FilesystemPackageCacheManager.loadFromPackageServer(FilesystemPackageCacheManager.java:369)
	at org.hl7.fhir.utilities.npm.FilesystemPackageCacheManager.loadPackage(FilesystemPackageCacheManager.java:718)
	at org.hl7.fhir.validation.IgLoader.loadIg(IgLoader.java:120)
	at org.hl7.fhir.validation.IgLoader.loadIg(IgLoader.java:133)
	at org.hl7.fhir.validation.cli.services.ValidationService.loadIgsAndExtensions(ValidationService.java:643)
	at org.hl7.fhir.validation.cli.services.ValidationService.buildValidationEngine(ValidationService.java:560)
	at org.hl7.fhir.validation.cli.services.ValidationService.getValidationEngineFromCliContext(ValidationService.java:544)
	at org.hl7.fhir.validation.cli.services.ValidationService.initializeValidator(ValidationService.java:526)
	at org.hl7.fhir.validation.cli.services.ValidationService.initializeValidator(ValidationService.java:509)
	at org.hl7.fhir.validation.ValidatorCli.getValidationEngine(ValidatorCli.java:411)
	at org.hl7.fhir.validation.ValidatorCli.readParamsAndExecuteTask(ValidatorCli.java:373)
	at org.hl7.fhir.validation.ValidatorCli.readParamsAndExecuteTask(ValidatorCli.java:172)
	at org.hl7.fhir.validation.ValidatorCli.main(ValidatorCli.java:207)
