Picked up JAVA_TOOL_OPTIONS: -Djava.awt.headless=true
SLF4J: No SLF4J providers were found.
SLF4J: Defaulting to no-operation (NOP) logger implementation
SLF4J: See https://www.slf4j.org/codes.html#noProviders for further details.
SLF4J: Class path contains SLF4J bindings targeting slf4j-api versions 1.7.x or earlier.
SLF4J: Ignoring binding found at [jar:file:/home/runner/work/ISiK-EU-Compare/ISiK-EU-Compare/validator_cli.jar!/org/slf4j/impl/StaticLoggerBinder.class]
SLF4J: See https://www.slf4j.org/codes.html#ignoredBindings for an explanation.
FHIR Validation tool Version 6.4.0 (Git# 2f8ab91c55ac). Built 2025-05-12T11:32:12.116+02:00 (31 mins old)
  Java:   21.0.7 from /opt/hostedtoolcache/Java_Temurin-Hotspot_jdk/21.0.7-6.0.LTS/x64 on amd64 (64bit). 3998MB available
  Paths:  Current = /home/runner/work/ISiK-EU-Compare/ISiK-EU-Compare, Package Cache = /home/runner/.fhir/packages
  Params: -compare -dest Comparison/EPS-MedicationStatement -version 4.0 -ig de.gematik.isik#5.0.0-rc -ig hl7.fhir.eu.eps.r4#0.0.1-ci -left https://gematik.de/fhir/isik/StructureDefinition/ISiKMedikationsInformation -right http://hl7.eu/fhir/eps/StructureDefinition/MedicationStatement-eu-eps
  Locale: /
  Jurisdiction: None specified (locale = )
  Note that exceptions and validation failures may happen in the absense of a locale
Loading
  Load FHIR v4.0 from hl7.fhir.r4.core#4.0.1 - 4576 resources (00:04.215)
  Load hl7.fhir.uv.extensions.r5#5.2.0 - 758 resources (00:02.469)
  Load hl7.terminology#6.3.0 - 4338 resources (00:00.947)
  Load hl7.terminology.r5#6.0.2 - 4243 resources (00:00.771)
  Load hl7.fhir.uv.extensions#5.2.0-ballot - 702 resources (00:00.756)
  Terminology server http://tx.fhir.org - Version Connected to Terminology Server at http://tx.fhir.org (00:00.515)
  Load hl7.terminology.r4#5.0.0 - 4174 resources (00:00.808)
  Load hl7.fhir.uv.subscriptions-backport.r4#1.1.0 - 23 resources (00:00.068)
  Load de.basisprofil.r4#1.5.3 - 185 resources (00:00.114)
  Load hl7.terminology.r4#5.5.0 - 4224 resources (00:01.418)
  Load hl7.fhir.uv.extensions.r4#5.1.0 - 1396 resources (00:01.438)
  Load hl7.terminology.r4#5.3.0 - 4201 resources (00:01.637)
  Load hl7.fhir.uv.extensions.r4#1.0.0 - 1328 resources (00:00.693)
  Load ihe.iti.balp#1.1.x - 37 resources (00:00.217)
  Load ihe.formatcode.fhir#1.2.x - 2 resources (00:00.001)
  Load ihe.iti.mhd#4.2.2 - 64 resources (00:00.290)
  Load de.ihe-d.terminology#3.0.1 - 32 resources (00:00.011)
  Load dvmd.kdl.r4#2025.0.0 - 4 resources (00:00.001)
  Load de.gematik.isik#5.0.0-rc - 238 resources (00:01.166)
  Load hl7.terminology.r4#6.2.0 - 4287 resources (00:02.913)
  Load hl7.fhir.uv.extensions.r4#5.2.0 - 758 resources (00:01.060)
  Load fhir.dicom#2022.4.20221006 - 1319 resources (00:00.043)
  Load hl7.fhir.uv.ips#1.1.0 - 103 resources (00:00.490)
  Load hl7.terminology.r5#6.2.0 - 4287 resources (00:00.914)
  Load hl7.fhir.eu.extensions#0.1.1-ballot - 6 resources (00:00.006)
  Load hl7.fhir.eu.extensions#0.1.x - 0 resources (00:00.009)
  Load hl7.fhir.eu.laboratory#0.1.x - 62 resources (00:00.179)
  Load hl7.terminology.r4#6.3.0 - 4338 resources (00:03.327)
  Load hl7.fhir.eu.extensions.r4#0.1.1-ballot - 6 resources (00:00.007)
  Load hl7.fhir.eu.base#0.1.0-ballot - 22 resources (00:00.077)
  Load ihe.pharm.mpd.r4#0.1.0 - 39 resources (00:00.015)
  Load hl7.fhir.eu.hdr.r4#0.0.1-ci - 99 resources (00:00.375)
  Load hl7.fhir.eu.base.r4#0.1.0-ballot - 22 resources (00:00.123)
  Load hl7.fhir.eu.eps.r4#0.0.1-ci - 35 resources (00:00.196)
  Package Summary: [hl7.fhir.r4.core#4.0.1, hl7.fhir.xver-extensions#0.1.0, hl7.fhir.uv.extensions.r5#5.2.0, hl7.terminology#6.3.0, hl7.terminology.r5#6.0.2, hl7.fhir.uv.extensions#5.2.0-ballot, hl7.terminology.r4#5.0.0, hl7.fhir.uv.subscriptions-backport.r4#1.1.0, de.basisprofil.r4#1.5.3, hl7.terminology.r4#5.5.0, hl7.fhir.uv.extensions.r4#5.1.0, hl7.terminology.r4#5.3.0, hl7.fhir.uv.extensions.r4#1.0.0, ihe.iti.balp#1.1.3, ihe.formatcode.fhir#1.2.0, ihe.iti.mhd#4.2.2, de.ihe-d.terminology#3.0.1, dvmd.kdl.r4#2025.0.0, de.gematik.isik#5.0.0-rc, hl7.terminology.r4#6.2.0, hl7.fhir.uv.extensions.r4#5.2.0, fhir.dicom#2022.4.20221006, hl7.fhir.uv.ips#1.1.0, hl7.terminology.r5#6.2.0, hl7.fhir.eu.extensions#0.1.1-ballot, hl7.fhir.eu.laboratory#0.1.1, hl7.terminology.r4#6.3.0, hl7.fhir.eu.extensions.r4#0.1.1-ballot, hl7.fhir.eu.base#0.1.0-ballot, ihe.pharm.mpd.r4#1.0.0-comment, hl7.fhir.eu.hdr.r4#0.0.1-ci, hl7.fhir.eu.base.r4#0.1.0-ballot, hl7.fhir.eu.eps.r4#0.0.1-ci]
  Terminology Cache at /tmp/default-tx-cache
  Get set...  go (00:02.290)
Cached new session. Cache size = 1
  Paths:  Current = /home/runner/work/ISiK-EU-Compare/ISiK-EU-Compare, Package Cache = /home/runner/.fhir/packages
  Params: -compare -dest Comparison/EPS-MedicationStatement -version 4.0 -ig de.gematik.isik#5.0.0-rc -ig hl7.fhir.eu.eps.r4#0.0.1-ci -left https://gematik.de/fhir/isik/StructureDefinition/ISiKMedikationsInformation -right http://hl7.eu/fhir/eps/StructureDefinition/MedicationStatement-eu-eps
Valid destination directory provided: "Comparison/EPS-MedicationStatement")
  Load FHIR v4.0 from hl7.fhir.r4.core#4.0.1 - 4576 resources (00:01.175)
  Load hl7.fhir.uv.extensions.r5#5.2.0 - 758 resources (00:01.128)
  Load hl7.terminology#6.3.0 - 4338 resources (00:00.509)
  Load hl7.terminology.r5#6.0.2 - 4243 resources (00:00.418)
  Load hl7.fhir.uv.extensions#5.2.0-ballot - 702 resources (00:00.657)
  Terminology server http://tx.fhir.org - Version Connected to Terminology Server at http://tx.fhir.org (00:00.152)
  Load hl7.terminology.r4#5.0.0 - 4174 resources (00:00.530)
  Load hl7.fhir.uv.subscriptions-backport.r4#1.1.0 - 23 resources (00:00.030)
  Load de.basisprofil.r4#1.5.3 - 185 resources (00:00.029)
  Load hl7.terminology.r4#5.5.0 - 4224 resources (00:01.046)
  Load hl7.fhir.uv.extensions.r4#5.1.0 - 1396 resources (00:00.774)
  Load hl7.terminology.r4#5.3.0 - 4201 resources (00:01.800)
  Load hl7.fhir.uv.extensions.r4#1.0.0 - 1328 resources (00:00.602)
  Load ihe.iti.balp#1.1.x - 37 resources (00:00.224)
  Load ihe.formatcode.fhir#1.2.x - 2 resources (00:00.001)
  Load ihe.iti.mhd#4.2.2 - 64 resources (00:00.261)
  Load de.ihe-d.terminology#3.0.1 - 32 resources (00:00.009)
  Load dvmd.kdl.r4#2025.0.0 - 4 resources (00:00.000)
  Load de.gematik.isik#5.0.0-rc - 238 resources (00:00.778)
  Load hl7.terminology.r4#6.2.0 - 4287 resources (00:02.716)
  Load hl7.fhir.uv.extensions.r4#5.2.0 - 758 resources (00:00.785)
  Load fhir.dicom#2022.4.20221006 - 1319 resources (00:00.022)
  Load hl7.fhir.uv.ips#1.1.0 - 103 resources (00:00.229)
  Load hl7.terminology.r5#6.2.0 - 4287 resources (00:00.883)
  Load hl7.fhir.eu.extensions#0.1.1-ballot - 6 resources (00:00.006)
  Load hl7.fhir.eu.extensions#0.1.x - 0 resources (00:00.025)
  Load hl7.fhir.eu.laboratory#0.1.x - 62 resources (00:00.134)
  Load hl7.terminology.r4#6.3.0 - 4338 resources (00:03.404)
  Load hl7.fhir.eu.extensions.r4#0.1.1-ballot - 6 resources (00:00.008)
  Load hl7.fhir.eu.base#0.1.0-ballot - 22 resources (00:00.042)
  Load ihe.pharm.mpd.r4#0.1.0 - 39 resources (00:00.014)
  Load hl7.fhir.eu.hdr.r4#0.0.1-ci - 99 resources (00:00.412)
  Load hl7.fhir.eu.base.r4#0.1.0-ballot - 22 resources (00:00.038)
  Load hl7.fhir.eu.eps.r4#0.0.1-ci - 35 resources (00:00.133)
  Package Summary: [hl7.fhir.r4.core#4.0.1, hl7.fhir.xver-extensions#0.1.0, hl7.fhir.uv.extensions.r5#5.2.0, hl7.terminology#6.3.0, hl7.terminology.r5#6.0.2, hl7.fhir.uv.extensions#5.2.0-ballot, hl7.terminology.r4#5.0.0, hl7.fhir.uv.subscriptions-backport.r4#1.1.0, de.basisprofil.r4#1.5.3, hl7.terminology.r4#5.5.0, hl7.fhir.uv.extensions.r4#5.1.0, hl7.terminology.r4#5.3.0, hl7.fhir.uv.extensions.r4#1.0.0, ihe.iti.balp#1.1.3, ihe.formatcode.fhir#1.2.0, ihe.iti.mhd#4.2.2, de.ihe-d.terminology#3.0.1, dvmd.kdl.r4#2025.0.0, de.gematik.isik#5.0.0-rc, hl7.terminology.r4#6.2.0, hl7.fhir.uv.extensions.r4#5.2.0, fhir.dicom#2022.4.20221006, hl7.fhir.uv.ips#1.1.0, hl7.terminology.r5#6.2.0, hl7.fhir.eu.extensions#0.1.1-ballot, hl7.fhir.eu.laboratory#0.1.1, hl7.terminology.r4#6.3.0, hl7.fhir.eu.extensions.r4#0.1.1-ballot, hl7.fhir.eu.base#0.1.0-ballot, ihe.pharm.mpd.r4#1.0.0-comment, hl7.fhir.eu.hdr.r4#0.0.1-ci, hl7.fhir.eu.base.r4#0.1.0-ballot, hl7.fhir.eu.eps.r4#0.0.1-ci]
  Terminology Cache at /tmp/default-tx-cache
  Get set...  go (00:01.110)
Cached new session. Cache size = 2
  Load hl7.fhir.pubpack#0.2.1 - 0 resources (00:00.513)
Comparing StructureDefinitions https://gematik.de/fhir/isik/StructureDefinition/ISiKMedikationsInformation to http://hl7.eu/fhir/eps/StructureDefinition/MedicationStatement-eu-eps
Generating output to Comparison/EPS-MedicationStatement...
Exception rendering https://gematik.de/fhir/isik/StructureDefinition/ISiKMedikationsInformation|5.0.0-rc||http://hl7.eu/fhir/eps/StructureDefinition/MedicationStatement-eu-eps|0.0.1-ci: Cannot invoke "String.length()" because "this.source" is null
java.lang.NullPointerException: Cannot invoke "String.length()" because "this.source" is null
	at org.hl7.fhir.r5.utils.LiquidEngine$LiquidParser.parseList(LiquidEngine.java:548)
	at org.hl7.fhir.r5.utils.LiquidEngine$LiquidParser.parse(LiquidEngine.java:517)
	at org.hl7.fhir.r5.utils.LiquidEngine.parse(LiquidEngine.java:123)
	at org.hl7.fhir.r5.comparison.ComparisonRenderer.processTemplate(ComparisonRenderer.java:272)
	at org.hl7.fhir.r5.comparison.ComparisonRenderer.renderProfile(ComparisonRenderer.java:240)
	at org.hl7.fhir.r5.comparison.ComparisonRenderer.renderComparison(ComparisonRenderer.java:148)
	at org.hl7.fhir.r5.comparison.ComparisonRenderer.processList(ComparisonRenderer.java:115)
	at org.hl7.fhir.r5.comparison.ComparisonRenderer.render(ComparisonRenderer.java:91)
	at org.hl7.fhir.validation.cli.services.ComparisonService.compareStructureDefinitions(ComparisonService.java:76)
	at org.hl7.fhir.validation.cli.services.ComparisonService.doLeftRightComparison(ComparisonService.java:39)
	at org.hl7.fhir.validation.cli.tasks.CompareTask.executeTask(CompareTask.java:57)
	at org.hl7.fhir.validation.ValidatorCli.readParamsAndExecuteTask(ValidatorCli.java:375)
	at org.hl7.fhir.validation.ValidatorCli.readParamsAndExecuteTask(ValidatorCli.java:172)
	at org.hl7.fhir.validation.ValidatorCli.main(ValidatorCli.java:207)
Headless environment detected; skipping browser launch.
Done: file:/home/runner/work/ISiK-EU-Compare/ISiK-EU-Compare/Comparison/EPS-MedicationStatement/index.html
Done. Times: Loading: 00:29.672. Max Memory = 3Gb
