Picked up JAVA_TOOL_OPTIONS: -Djava.awt.headless=true
SLF4J: No SLF4J providers were found.
SLF4J: Defaulting to no-operation (NOP) logger implementation
SLF4J: See https://www.slf4j.org/codes.html#noProviders for further details.
SLF4J: Class path contains SLF4J bindings targeting slf4j-api versions 1.7.x or earlier.
SLF4J: Ignoring binding found at [jar:file:/home/runner/work/ISiK-EU-Compare/ISiK-EU-Compare/validator_cli.jar!/org/slf4j/impl/StaticLoggerBinder.class]
SLF4J: See https://www.slf4j.org/codes.html#ignoredBindings for an explanation.
FHIR Validation tool Version 6.4.0 (Git# 2f8ab91c55ac). Built 2025-05-12T11:32:12.116+02:00 (27 mins old)
  Java:   21.0.7 from /opt/hostedtoolcache/Java_Temurin-Hotspot_jdk/21.0.7-6.0.LTS/x64 on amd64 (64bit). 3998MB available
  Paths:  Current = /home/runner/work/ISiK-EU-Compare/ISiK-EU-Compare, Package Cache = /home/runner/.fhir/packages
  Params: -compare -dest Comparison/EPS-Patient -version 4.0 -ig de.gematik.isik#5.0.0-rc -ig hl7.fhir.eu.eps.r4#0.0.1-ci -left https://gematik.de/fhir/isik/StructureDefinition/ISiKPatient -right http://hl7.eu/fhir/eps/StructureDefinition/patient-eu-eps
  Locale: /
  Jurisdiction: None specified (locale = )
  Note that exceptions and validation failures may happen in the absense of a locale
Loading
  Load FHIR v4.0 from hl7.fhir.r4.core#4.0.1 - 4576 resources (00:04.046)
  Load hl7.fhir.uv.extensions.r5#5.2.0 - 758 resources (00:02.289)
  Load hl7.terminology#6.3.0 - 4338 resources (00:01.048)
  Load hl7.terminology.r5#6.0.2 - 4243 resources (00:00.533)
  Load hl7.fhir.uv.extensions#5.2.0-ballot - 702 resources (00:00.702)
  Terminology server http://tx.fhir.org - Version Connected to Terminology Server at http://tx.fhir.org (00:00.491)
  Load hl7.terminology.r4#5.0.0 - 4174 resources (00:00.735)
  Load hl7.fhir.uv.subscriptions-backport.r4#1.1.0 - 23 resources (00:00.060)
  Load de.basisprofil.r4#1.5.3 - 185 resources (00:00.078)
  Load hl7.terminology.r4#5.5.0 - 4224 resources (00:01.400)
  Load hl7.fhir.uv.extensions.r4#5.1.0 - 1396 resources (00:01.312)
  Load hl7.terminology.r4#5.3.0 - 4201 resources (00:01.861)
  Load hl7.fhir.uv.extensions.r4#1.0.0 - 1328 resources (00:00.644)
  Load ihe.iti.balp#1.1.x - 37 resources (00:00.251)
  Load ihe.formatcode.fhir#1.2.x - 2 resources (00:00.001)
  Load ihe.iti.mhd#4.2.2 - 64 resources (00:00.202)
  Load de.ihe-d.terminology#3.0.1 - 32 resources (00:00.008)
  Load dvmd.kdl.r4#2025.0.0 - 4 resources (00:00.000)
  Load de.gematik.isik#5.0.0-rc - 238 resources (00:01.371)
  Load hl7.terminology.r4#6.2.0 - 4287 resources (00:02.852)
  Load hl7.fhir.uv.extensions.r4#5.2.0 - 758 resources (00:01.055)
  Load fhir.dicom#2022.4.20221006 - 1319 resources (00:00.028)
  Load hl7.fhir.uv.ips#1.1.0 - 103 resources (00:00.387)
  Load hl7.terminology.r5#6.2.0 - 4287 resources (00:00.951)
  Load hl7.fhir.eu.extensions#0.1.1-ballot - 6 resources (00:00.005)
  Load hl7.fhir.eu.extensions#0.1.x - 0 resources (00:00.009)
  Load hl7.fhir.eu.laboratory#0.1.x - 62 resources (00:00.223)
  Load hl7.terminology.r4#6.3.0 - 4338 resources (00:03.789)
  Load hl7.fhir.eu.extensions.r4#0.1.1-ballot - 6 resources (00:00.008)
  Load hl7.fhir.eu.base#0.1.0-ballot - 22 resources (00:00.036)
  Load ihe.pharm.mpd.r4#0.1.0 - 39 resources (00:00.016)
  Load hl7.fhir.eu.hdr.r4#0.0.1-ci - 99 resources (00:00.446)
  Load hl7.fhir.eu.base.r4#0.1.0-ballot - 22 resources (00:00.101)
  Load hl7.fhir.eu.eps.r4#0.0.1-ci - 35 resources (00:00.137)
  Package Summary: [hl7.fhir.r4.core#4.0.1, hl7.fhir.xver-extensions#0.1.0, hl7.fhir.uv.extensions.r5#5.2.0, hl7.terminology#6.3.0, hl7.terminology.r5#6.0.2, hl7.fhir.uv.extensions#5.2.0-ballot, hl7.terminology.r4#5.0.0, hl7.fhir.uv.subscriptions-backport.r4#1.1.0, de.basisprofil.r4#1.5.3, hl7.terminology.r4#5.5.0, hl7.fhir.uv.extensions.r4#5.1.0, hl7.terminology.r4#5.3.0, hl7.fhir.uv.extensions.r4#1.0.0, ihe.iti.balp#1.1.3, ihe.formatcode.fhir#1.2.0, ihe.iti.mhd#4.2.2, de.ihe-d.terminology#3.0.1, dvmd.kdl.r4#2025.0.0, de.gematik.isik#5.0.0-rc, hl7.terminology.r4#6.2.0, hl7.fhir.uv.extensions.r4#5.2.0, fhir.dicom#2022.4.20221006, hl7.fhir.uv.ips#1.1.0, hl7.terminology.r5#6.2.0, hl7.fhir.eu.extensions#0.1.1-ballot, hl7.fhir.eu.laboratory#0.1.1, hl7.terminology.r4#6.3.0, hl7.fhir.eu.extensions.r4#0.1.1-ballot, hl7.fhir.eu.base#0.1.0-ballot, ihe.pharm.mpd.r4#1.0.0-comment, hl7.fhir.eu.hdr.r4#0.0.1-ci, hl7.fhir.eu.base.r4#0.1.0-ballot, hl7.fhir.eu.eps.r4#0.0.1-ci]
  Terminology Cache at /tmp/default-tx-cache
  Get set...  go (00:02.036)
Cached new session. Cache size = 1
  Paths:  Current = /home/runner/work/ISiK-EU-Compare/ISiK-EU-Compare, Package Cache = /home/runner/.fhir/packages
  Params: -compare -dest Comparison/EPS-Patient -version 4.0 -ig de.gematik.isik#5.0.0-rc -ig hl7.fhir.eu.eps.r4#0.0.1-ci -left https://gematik.de/fhir/isik/StructureDefinition/ISiKPatient -right http://hl7.eu/fhir/eps/StructureDefinition/patient-eu-eps
Valid destination directory provided: "Comparison/EPS-Patient")
  Load FHIR v4.0 from hl7.fhir.r4.core#4.0.1 - 4576 resources (00:01.333)
  Load hl7.fhir.uv.extensions.r5#5.2.0 - 758 resources (00:01.027)
  Load hl7.terminology#6.3.0 - 4338 resources (00:00.581)
  Load hl7.terminology.r5#6.0.2 - 4243 resources (00:00.464)
  Load hl7.fhir.uv.extensions#5.2.0-ballot - 702 resources (00:00.563)
  Terminology server http://tx.fhir.org - Version Connected to Terminology Server at http://tx.fhir.org (00:00.141)
  Load hl7.terminology.r4#5.0.0 - 4174 resources (00:00.543)
  Load hl7.fhir.uv.subscriptions-backport.r4#1.1.0 - 23 resources (00:00.026)
  Load de.basisprofil.r4#1.5.3 - 185 resources (00:00.029)
  Load hl7.terminology.r4#5.5.0 - 4224 resources (00:01.131)
  Load hl7.fhir.uv.extensions.r4#5.1.0 - 1396 resources (00:00.764)
  Load hl7.terminology.r4#5.3.0 - 4201 resources (00:01.772)
  Load hl7.fhir.uv.extensions.r4#1.0.0 - 1328 resources (00:00.654)
  Load ihe.iti.balp#1.1.x - 37 resources (00:00.214)
  Load ihe.formatcode.fhir#1.2.x - 2 resources (00:00.001)
  Load ihe.iti.mhd#4.2.2 - 64 resources (00:00.269)
  Load de.ihe-d.terminology#3.0.1 - 32 resources (00:00.012)
  Load dvmd.kdl.r4#2025.0.0 - 4 resources (00:00.000)
  Load de.gematik.isik#5.0.0-rc - 238 resources (00:00.730)
  Load hl7.terminology.r4#6.2.0 - 4287 resources (00:02.640)
  Load hl7.fhir.uv.extensions.r4#5.2.0 - 758 resources (00:00.782)
  Load fhir.dicom#2022.4.20221006 - 1319 resources (00:00.023)
  Load hl7.fhir.uv.ips#1.1.0 - 103 resources (00:00.173)
  Load hl7.terminology.r5#6.2.0 - 4287 resources (00:00.774)
  Load hl7.fhir.eu.extensions#0.1.1-ballot - 6 resources (00:00.005)
  Load hl7.fhir.eu.extensions#0.1.x - 0 resources (00:00.009)
  Load hl7.fhir.eu.laboratory#0.1.x - 62 resources (00:00.110)
  Load hl7.terminology.r4#6.3.0 - 4338 resources (00:03.770)
  Load hl7.fhir.eu.extensions.r4#0.1.1-ballot - 6 resources (00:00.009)
  Load hl7.fhir.eu.base#0.1.0-ballot - 22 resources (00:00.036)
  Load ihe.pharm.mpd.r4#0.1.0 - 39 resources (00:00.013)
  Load hl7.fhir.eu.hdr.r4#0.0.1-ci - 99 resources (00:00.393)
  Load hl7.fhir.eu.base.r4#0.1.0-ballot - 22 resources (00:00.037)
  Load hl7.fhir.eu.eps.r4#0.0.1-ci - 35 resources (00:00.131)
  Package Summary: [hl7.fhir.r4.core#4.0.1, hl7.fhir.xver-extensions#0.1.0, hl7.fhir.uv.extensions.r5#5.2.0, hl7.terminology#6.3.0, hl7.terminology.r5#6.0.2, hl7.fhir.uv.extensions#5.2.0-ballot, hl7.terminology.r4#5.0.0, hl7.fhir.uv.subscriptions-backport.r4#1.1.0, de.basisprofil.r4#1.5.3, hl7.terminology.r4#5.5.0, hl7.fhir.uv.extensions.r4#5.1.0, hl7.terminology.r4#5.3.0, hl7.fhir.uv.extensions.r4#1.0.0, ihe.iti.balp#1.1.3, ihe.formatcode.fhir#1.2.0, ihe.iti.mhd#4.2.2, de.ihe-d.terminology#3.0.1, dvmd.kdl.r4#2025.0.0, de.gematik.isik#5.0.0-rc, hl7.terminology.r4#6.2.0, hl7.fhir.uv.extensions.r4#5.2.0, fhir.dicom#2022.4.20221006, hl7.fhir.uv.ips#1.1.0, hl7.terminology.r5#6.2.0, hl7.fhir.eu.extensions#0.1.1-ballot, hl7.fhir.eu.laboratory#0.1.1, hl7.terminology.r4#6.3.0, hl7.fhir.eu.extensions.r4#0.1.1-ballot, hl7.fhir.eu.base#0.1.0-ballot, ihe.pharm.mpd.r4#1.0.0-comment, hl7.fhir.eu.hdr.r4#0.0.1-ci, hl7.fhir.eu.base.r4#0.1.0-ballot, hl7.fhir.eu.eps.r4#0.0.1-ci]
  Terminology Cache at /tmp/default-tx-cache
  Get set...  go (00:01.057)
Cached new session. Cache size = 2
  Load hl7.fhir.pubpack#0.2.1 - 0 resources (00:00.466)
Comparing StructureDefinitions https://gematik.de/fhir/isik/StructureDefinition/ISiKPatient to http://hl7.eu/fhir/eps/StructureDefinition/patient-eu-eps
Generating output to Comparison/EPS-Patient...
Exception rendering https://gematik.de/fhir/isik/StructureDefinition/ISiKPatient|5.0.0-rc||http://hl7.eu/fhir/eps/StructureDefinition/patient-eu-eps|0.0.1-ci: Cannot invoke "String.length()" because "this.source" is null
java.lang.NullPointerException: Cannot invoke "String.length()" because "this.source" is null
	at org.hl7.fhir.r5.utils.LiquidEngine$LiquidParser.parseList(LiquidEngine.java:548)
	at org.hl7.fhir.r5.utils.LiquidEngine$LiquidParser.parse(LiquidEngine.java:517)
	at org.hl7.fhir.r5.utils.LiquidEngine.parse(LiquidEngine.java:123)
	at org.hl7.fhir.r5.comparison.ComparisonRenderer.processTemplate(ComparisonRenderer.java:272)
	at org.hl7.fhir.r5.comparison.ComparisonRenderer.renderProfile(ComparisonRenderer.java:240)
	at org.hl7.fhir.r5.comparison.ComparisonRenderer.renderComparison(ComparisonRenderer.java:148)
	at org.hl7.fhir.r5.comparison.ComparisonRenderer.processList(ComparisonRenderer.java:115)
	at org.hl7.fhir.r5.comparison.ComparisonRenderer.render(ComparisonRenderer.java:91)
	at org.hl7.fhir.validation.cli.services.ComparisonService.compareStructureDefinitions(ComparisonService.java:76)
	at org.hl7.fhir.validation.cli.services.ComparisonService.doLeftRightComparison(ComparisonService.java:39)
	at org.hl7.fhir.validation.cli.tasks.CompareTask.executeTask(CompareTask.java:57)
	at org.hl7.fhir.validation.ValidatorCli.readParamsAndExecuteTask(ValidatorCli.java:375)
	at org.hl7.fhir.validation.ValidatorCli.readParamsAndExecuteTask(ValidatorCli.java:172)
	at org.hl7.fhir.validation.ValidatorCli.main(ValidatorCli.java:207)
Headless environment detected; skipping browser launch.
Done: file:/home/runner/work/ISiK-EU-Compare/ISiK-EU-Compare/Comparison/EPS-Patient/index.html
Done. Times: Loading: 00:29.221. Max Memory = 3Gb
