Picked up JAVA_TOOL_OPTIONS: -Djava.awt.headless=true
SLF4J: No SLF4J providers were found.
SLF4J: Defaulting to no-operation (NOP) logger implementation
SLF4J: See https://www.slf4j.org/codes.html#noProviders for further details.
SLF4J: Class path contains SLF4J bindings targeting slf4j-api versions 1.7.x or earlier.
SLF4J: Ignoring binding found at [jar:file:/home/runner/work/ISiK-EU-Compare/ISiK-EU-Compare/tmp/validator_cli.jar!/org/slf4j/impl/StaticLoggerBinder.class]
SLF4J: See https://www.slf4j.org/codes.html#ignoredBindings for an explanation.
FHIR Validation tool Version 6.4.0 (Git# 2f8ab91c55ac). Built 2025-05-12T11:32:12.116+02:00 (167 days old)
  Java:   21.0.8 from /usr/lib/jvm/temurin-21-jdk-amd64 on amd64 (64bit). 4000MB available
  Paths:  Current = /home/runner/work/ISiK-EU-Compare/ISiK-EU-Compare, Package Cache = /home/runner/.fhir/packages
  Params: -compare -dest Comparison/MPD-MedicationRequest -version 4.0 -ig de.gematik.isik#5.0.0 -ig hl7.fhir.eu.mpd#0.1.0-ballot -left https://gematik.de/fhir/isik/StructureDefinition/ISiKMedikationsVerordnung -right http://hl7.eu/fhir/mpd/StructureDefinition/MedicationRequest-eu-mpd
  Locale: /
  Jurisdiction: None specified (locale = )
  Note that exceptions and validation failures may happen in the absense of a locale
Loading
  Load FHIR v4.0 from hl7.fhir.r4.core#4.0.1Installing hl7.fhir.r4.core#4.0.1 to the package cache
  Fetching:

Installing hl7.fhir.r4.core#4.0.1
 done.
Installing hl7.fhir.xver-extensions#0.1.0 to the package cache
  Fetching:

Installing hl7.fhir.xver-extensions#0.1.0
 done.
 - 4576 resources (00:18.119)
Installing hl7.terminology#6.5.0 to the package cache
  Fetching:

Installing hl7.terminology#6.5.0
 done.
Installing hl7.fhir.uv.extensions.r5#5.2.0 to the package cache
  Fetching:

Installing hl7.fhir.uv.extensions.r5#5.2.0
 done.
  Load hl7.fhir.uv.extensions.r5#5.2.0 - 758 resources (00:03.289)
  Load hl7.terminology#6.5.0 - 4356 resources (00:01.242)
Installing hl7.fhir.uv.extensions#5.3.0-ballot-tc1 to the package cache
  Fetching:

Installing hl7.fhir.uv.extensions#5.3.0-ballot-tc1
 done.
Installing hl7.terminology.r5#6.5.0 to the package cache
  Fetching:

Installing hl7.terminology.r5#6.5.0
 done.
  Load hl7.terminology.r5#6.5.0 - 4356 resources (00:01.633)
  Load hl7.fhir.uv.extensions#5.3.0-ballot-tc1 - 822 resources (00:00.840)
  Terminology server http://tx.fhir.org - Version Connected to Terminology Server at http://tx.fhir.org (00:00.599)
Installing hl7.fhir.uv.subscriptions-backport.r4#1.1.0 to the package cache
  Fetching:

Installing hl7.fhir.uv.subscriptions-backport.r4#1.1.0
 done.
Installing hl7.terminology.r4#5.0.0 to the package cache
  Fetching:

Installing hl7.terminology.r4#5.0.0
 done.
  Load hl7.terminology.r4#5.0.0 - 4174 resources (00:08.437)
  Load hl7.fhir.uv.subscriptions-backport.r4#1.1.0 - 23 resources (00:00.028)
Installing de.basisprofil.r4#1.5.4 to the package cache
  Fetching:

Installing de.basisprofil.r4#1.5.4
 done.
  Load de.basisprofil.r4#1.5.4 - 186 resources (00:01.757)
Installing de.ihe-d.terminology#3.0.1 to the package cache
  Fetching:

Installing de.ihe-d.terminology#3.0.1
 done.
  Load de.ihe-d.terminology#3.0.1 - 32 resources (00:00.186)
Installing dvmd.kdl.r4#2025.0.1 to the package cache
  Fetching:

Installing dvmd.kdl.r4#2025.0.1
 done.
  Load dvmd.kdl.r4#2025.0.1 - 4 resources (00:00.137)
Installing hl7.fhir.uv.sdc#3.0.0 to the package cache
  Fetching:

Installing hl7.fhir.uv.sdc#3.0.0
 done.
Installing hl7.fhir.r4.examples#4.0.1 to the package cache
  Fetching:

Installing hl7.fhir.r4.examples#4.0.1
 done.
  Load hl7.fhir.r4.examples#4.0.1 - 4582 resources (00:12.921)
  Load hl7.fhir.uv.sdc#3.0.0 - 137 resources (00:00.309)
Installing de.gematik.terminology#1.0.6 to the package cache
  Fetching:

Installing de.gematik.terminology#1.0.6
 done.
Installing hl7.terminology.r4#6.3.0 to the package cache
  Fetching:

Installing hl7.terminology.r4#6.3.0
 done.
Installing hl7.fhir.uv.extensions.r4#5.2.0 to the package cache
  Fetching:

Installing hl7.fhir.uv.extensions.r4#5.2.0
 done.
  Load hl7.fhir.uv.extensions.r4#5.2.0 - 758 resources (00:04.022)
  Load hl7.terminology.r4#6.3.0 - 4338 resources (00:06.853)
Installing dvmd.kdl.r4#2025.0.0 to the package cache
  Fetching:

Installing dvmd.kdl.r4#2025.0.0
 done.
  Load dvmd.kdl.r4#2025.0.0 - 4 resources (00:00.536)
  Load de.gematik.terminology#1.0.6 - 50 resources (00:00.050)
  Load de.gematik.isik#5.0.0 - 238 resources (00:01.275)
Installing hl7.terminology.r4#6.4.0 to the package cache
  Fetching:

Installing hl7.terminology.r4#6.4.0
 done.
  Load hl7.terminology.r4#6.4.0 - 4345 resources (00:11.808)
Installing hl7.terminology.r4#6.2.0 to the package cache
  Fetching:

Installing hl7.terminology.r4#6.2.0
 done.
  Load hl7.terminology.r4#6.2.0 - 4287 resources (00:20.844)
  Load hl7.fhir.eu.extensions.r4#0.1.1-ballot - 6 resources (00:00.003)
Installing hl7.fhir.uv.ips#1.1.0 to the package cache
  Fetching:

Installing hl7.fhir.uv.ips#1.1.0
 done.
Installing fhir.dicom#2022.4.20221006 to the package cache
  Fetching:

Installing fhir.dicom#2022.4.20221006
 done.
  Load fhir.dicom#2022.4.20221006 - 1319 resources (00:03.199)
  Load hl7.fhir.uv.ips#1.1.0 - 103 resources (00:00.180)
  Load hl7.fhir.eu.base#0.1.0-ballot - 22 resources (00:00.037)
Installing ihe.pharm.mpd.r4#1.0.0-comment-2 to the package cache
  Fetching:

Installing ihe.pharm.mpd.r4#1.0.0-comment-2
 done.
  Load ihe.pharm.mpd.r4#1.0.0-comment-2 - 39 resources (00:00.189)
  Load hl7.fhir.eu.mpd#0.1.0-ballot - 7 resources (00:00.023)
  Package Summary: [hl7.fhir.r4.core#4.0.1, hl7.fhir.xver-extensions#0.1.0, hl7.fhir.uv.extensions.r5#5.2.0, hl7.terminology#6.5.0, hl7.terminology.r5#6.5.0, hl7.fhir.uv.extensions#5.3.0-ballot-tc1, hl7.terminology.r4#5.0.0, hl7.fhir.uv.subscriptions-backport.r4#1.1.0, de.basisprofil.r4#1.5.4, de.ihe-d.terminology#3.0.1, dvmd.kdl.r4#2025.0.1, hl7.fhir.r4.examples#4.0.1, hl7.fhir.uv.sdc#3.0.0, hl7.fhir.uv.extensions.r4#5.2.0, hl7.terminology.r4#6.3.0, dvmd.kdl.r4#2025.0.0, de.gematik.terminology#1.0.6, de.gematik.isik#5.0.0, hl7.terminology.r4#6.4.0, hl7.terminology.r4#6.2.0, hl7.fhir.eu.extensions.r4#0.1.1-ballot, fhir.dicom#2022.4.20221006, hl7.fhir.uv.ips#1.1.0, hl7.fhir.eu.base#0.1.0-ballot, ihe.pharm.mpd.r4#1.0.0-comment-2, hl7.fhir.eu.mpd#0.1.0-ballot]
  Terminology Cache at /tmp/default-tx-cache
  Get set...  go (00:00.383)
Cached new session. Cache size = 1
  Paths:  Current = /home/runner/work/ISiK-EU-Compare/ISiK-EU-Compare, Package Cache = /home/runner/.fhir/packages
  Params: -compare -dest Comparison/MPD-MedicationRequest -version 4.0 -ig de.gematik.isik#5.0.0 -ig hl7.fhir.eu.mpd#0.1.0-ballot -left https://gematik.de/fhir/isik/StructureDefinition/ISiKMedikationsVerordnung -right http://hl7.eu/fhir/mpd/StructureDefinition/MedicationRequest-eu-mpd
Valid destination directory provided: "Comparison/MPD-MedicationRequest")
  Load FHIR v4.0 from hl7.fhir.r4.core#4.0.1 - 4576 resources (00:01.101)
  Load hl7.fhir.uv.extensions.r5#5.2.0 - 758 resources (00:00.926)
  Load hl7.terminology#6.5.0 - 4356 resources (00:00.584)
  Load hl7.terminology.r5#6.5.0 - 4356 resources (00:00.500)
  Load hl7.fhir.uv.extensions#5.3.0-ballot-tc1 - 822 resources (00:00.776)
  Terminology server http://tx.fhir.org - Version Connected to Terminology Server at http://tx.fhir.org (00:00.318)
  Load hl7.terminology.r4#5.0.0 - 4174 resources (00:01.920)
  Load hl7.fhir.uv.subscriptions-backport.r4#1.1.0 - 23 resources (00:00.024)
  Load de.basisprofil.r4#1.5.4 - 186 resources (00:00.194)
  Load de.ihe-d.terminology#3.0.1 - 32 resources (00:00.007)
  Load dvmd.kdl.r4#2025.0.1 - 4 resources (00:00.000)
  Load hl7.fhir.r4.examples#4.0.1 - 4582 resources (00:01.812)
  Load hl7.fhir.uv.sdc#3.0.0 - 137 resources (00:00.188)
  Load hl7.fhir.uv.extensions.r4#5.2.0 - 758 resources (00:00.848)
  Load hl7.terminology.r4#6.3.0 - 4338 resources (00:05.286)
  Load dvmd.kdl.r4#2025.0.0 - 4 resources (00:00.001)
  Load de.gematik.terminology#1.0.6 - 50 resources (00:00.051)
  Load de.gematik.isik#5.0.0 - 238 resources (00:00.919)
  Load hl7.terminology.r4#6.4.0 - 4345 resources (00:10.150)
  Load hl7.terminology.r4#6.2.0 - 4287 resources (00:16.681)
  Load hl7.fhir.eu.extensions.r4#0.1.1-ballot - 6 resources (00:00.003)
  Load fhir.dicom#2022.4.20221006 - 1319 resources (00:00.026)
  Load hl7.fhir.uv.ips#1.1.0 - 103 resources (00:00.220)
  Load hl7.fhir.eu.base#0.1.0-ballot - 22 resources (00:00.038)
  Load ihe.pharm.mpd.r4#1.0.0-comment-2 - 39 resources (00:00.013)
  Load hl7.fhir.eu.mpd#0.1.0-ballot - 7 resources (00:00.024)
  Package Summary: [hl7.fhir.r4.core#4.0.1, hl7.fhir.xver-extensions#0.1.0, hl7.fhir.uv.extensions.r5#5.2.0, hl7.terminology#6.5.0, hl7.terminology.r5#6.5.0, hl7.fhir.uv.extensions#5.3.0-ballot-tc1, hl7.terminology.r4#5.0.0, hl7.fhir.uv.subscriptions-backport.r4#1.1.0, de.basisprofil.r4#1.5.4, de.ihe-d.terminology#3.0.1, dvmd.kdl.r4#2025.0.1, hl7.fhir.r4.examples#4.0.1, hl7.fhir.uv.sdc#3.0.0, hl7.fhir.uv.extensions.r4#5.2.0, hl7.terminology.r4#6.3.0, dvmd.kdl.r4#2025.0.0, de.gematik.terminology#1.0.6, de.gematik.isik#5.0.0, hl7.terminology.r4#6.4.0, hl7.terminology.r4#6.2.0, hl7.fhir.eu.extensions.r4#0.1.1-ballot, fhir.dicom#2022.4.20221006, hl7.fhir.uv.ips#1.1.0, hl7.fhir.eu.base#0.1.0-ballot, ihe.pharm.mpd.r4#1.0.0-comment-2, hl7.fhir.eu.mpd#0.1.0-ballot]
  Terminology Cache at /tmp/default-tx-cache
  Get set...  go (00:00.185)
Cached new session. Cache size = 2
Installing hl7.fhir.pubpack#0.2.3 to the package cache
  Fetching:

Installing hl7.fhir.pubpack#0.2.3
 done.
  Load hl7.fhir.pubpack#0.2.3 - 0 resources (00:01.465)
Comparing StructureDefinitions https://gematik.de/fhir/isik/StructureDefinition/ISiKMedikationsVerordnung to http://hl7.eu/fhir/mpd/StructureDefinition/MedicationRequest-eu-mpd
Generating output to Comparison/MPD-MedicationRequest...
Exception rendering https://gematik.de/fhir/isik/StructureDefinition/ISiKMedikationsVerordnung|5.0.0||http://hl7.eu/fhir/mpd/StructureDefinition/MedicationRequest-eu-mpd|0.1.0-ballot: Cannot invoke "String.length()" because "this.source" is null
java.lang.NullPointerException: Cannot invoke "String.length()" because "this.source" is null
	at org.hl7.fhir.r5.utils.LiquidEngine$LiquidParser.parseList(LiquidEngine.java:548)
	at org.hl7.fhir.r5.utils.LiquidEngine$LiquidParser.parse(LiquidEngine.java:517)
	at org.hl7.fhir.r5.utils.LiquidEngine.parse(LiquidEngine.java:123)
	at org.hl7.fhir.r5.comparison.ComparisonRenderer.processTemplate(ComparisonRenderer.java:272)
	at org.hl7.fhir.r5.comparison.ComparisonRenderer.renderProfile(ComparisonRenderer.java:240)
	at org.hl7.fhir.r5.comparison.ComparisonRenderer.renderComparison(ComparisonRenderer.java:148)
	at org.hl7.fhir.r5.comparison.ComparisonRenderer.processList(ComparisonRenderer.java:115)
	at org.hl7.fhir.r5.comparison.ComparisonRenderer.render(ComparisonRenderer.java:91)
	at org.hl7.fhir.validation.cli.services.ComparisonService.compareStructureDefinitions(ComparisonService.java:76)
	at org.hl7.fhir.validation.cli.services.ComparisonService.doLeftRightComparison(ComparisonService.java:39)
	at org.hl7.fhir.validation.cli.tasks.CompareTask.executeTask(CompareTask.java:57)
	at org.hl7.fhir.validation.ValidatorCli.readParamsAndExecuteTask(ValidatorCli.java:375)
	at org.hl7.fhir.validation.ValidatorCli.readParamsAndExecuteTask(ValidatorCli.java:172)
	at org.hl7.fhir.validation.ValidatorCli.main(ValidatorCli.java:207)
Headless environment detected; skipping browser launch.
Done: file:/home/runner/work/ISiK-EU-Compare/ISiK-EU-Compare/Comparison/MPD-MedicationRequest/index.html
Done. Times: Loading: 01:39.685. Max Memory = 3Gb
